        -:    0:Source:/usr/include/glad/glad.c
        -:    0:Graph:/home/bublik/CLionProjects/automat/cmake-build-debug-coverage/CMakeFiles/automat.dir/usr/include/glad/glad.c.gcno
        -:    0:Data:/home/bublik/CLionProjects/automat/cmake-build-debug-coverage/CMakeFiles/automat.dir/usr/include/glad/glad.c.gcda
        -:    0:Runs:1
        -:    1:/*
        -:    2:
        -:    3:    OpenGL loader generated by glad 0.1.34 on Thu Mar 18 11:26:09 2021.
        -:    4:
        -:    5:    Language/Generator: C/C++
        -:    6:    Specification: gl
        -:    7:    APIs: gl=4.6
        -:    8:    Profile: compatibility
        -:    9:    Extensions:
        -:   10:        
        -:   11:    Loader: True
        -:   12:    Local files: True
        -:   13:    Omit khrplatform: False
        -:   14:    Reproducible: False
        -:   15:
        -:   16:    Commandline:
        -:   17:        --profile="compatibility" --api="gl=4.6" --generator="c" --spec="gl" --local-files --extensions=""
        -:   18:    Online:
        -:   19:        https://glad.dav1d.de/#profile=compatibility&language=c&specification=gl&loader=on&api=gl%3D4.6
        -:   20:*/
        -:   21:
        -:   22:#include <stdio.h>
        -:   23:#include <stdlib.h>
        -:   24:#include <string.h>
        -:   25:#include "glad.h"
        -:   26:
        -:   27:static void* get_proc(const char *namez);
        -:   28:
        -:   29:#if defined(_WIN32) || defined(__CYGWIN__)
        -:   30:#ifndef _WINDOWS_
        -:   31:#undef APIENTRY
        -:   32:#endif
        -:   33:#include <windows.h>
        -:   34:static HMODULE libGL;
        -:   35:
        -:   36:typedef void* (APIENTRYP PFNWGLGETPROCADDRESSPROC_PRIVATE)(const char*);
        -:   37:static PFNWGLGETPROCADDRESSPROC_PRIVATE gladGetProcAddressPtr;
        -:   38:
        -:   39:#ifdef _MSC_VER
        -:   40:#ifdef __has_include
        -:   41:  #if __has_include(<winapifamily.h>)
        -:   42:    #define HAVE_WINAPIFAMILY 1
        -:   43:  #endif
        -:   44:#elif _MSC_VER >= 1700 && !_USING_V110_SDK71_
        -:   45:  #define HAVE_WINAPIFAMILY 1
        -:   46:#endif
        -:   47:#endif
        -:   48:
        -:   49:#ifdef HAVE_WINAPIFAMILY
        -:   50:  #include <winapifamily.h>
        -:   51:  #if !WINAPI_FAMILY_PARTITION(WINAPI_PARTITION_DESKTOP) && WINAPI_FAMILY_PARTITION(WINAPI_PARTITION_APP)
        -:   52:    #define IS_UWP 1
        -:   53:  #endif
        -:   54:#endif
        -:   55:
        -:   56:static
        -:   57:int open_gl(void) {
        -:   58:#ifndef IS_UWP
        -:   59:    libGL = LoadLibraryW(L"opengl32.dll");
        -:   60:    if(libGL != NULL) {
        -:   61:        void (* tmp)(void);
        -:   62:        tmp = (void(*)(void)) GetProcAddress(libGL, "wglGetProcAddress");
        -:   63:        gladGetProcAddressPtr = (PFNWGLGETPROCADDRESSPROC_PRIVATE) tmp;
        -:   64:        return gladGetProcAddressPtr != NULL;
        -:   65:    }
        -:   66:#endif
        -:   67:
        -:   68:    return 0;
        -:   69:}
        -:   70:
        -:   71:static
        -:   72:void close_gl(void) {
        -:   73:    if(libGL != NULL) {
        -:   74:        FreeLibrary((HMODULE) libGL);
        -:   75:        libGL = NULL;
        -:   76:    }
        -:   77:}
        -:   78:#else
        -:   79:#include <dlfcn.h>
        -:   80:static void* libGL;
        -:   81:
        -:   82:#if !defined(__APPLE__) && !defined(__HAIKU__)
        -:   83:typedef void* (APIENTRYP PFNGLXGETPROCADDRESSPROC_PRIVATE)(const char*);
        -:   84:static PFNGLXGETPROCADDRESSPROC_PRIVATE gladGetProcAddressPtr;
        -:   85:#endif
        -:   86:
        -:   87:static
function open_gl called 0 returned 0% blocks executed 0%
    #####:   88:int open_gl(void) {
        -:   89:#ifdef __APPLE__
        -:   90:    static const char *NAMES[] = {
        -:   91:        "../Frameworks/OpenGL.framework/OpenGL",
        -:   92:        "/Library/Frameworks/OpenGL.framework/OpenGL",
        -:   93:        "/System/Library/Frameworks/OpenGL.framework/OpenGL",
        -:   94:        "/System/Library/Frameworks/OpenGL.framework/Versions/Current/OpenGL"
        -:   95:    };
        -:   96:#else
        -:   97:    static const char *NAMES[] = {"libGL.so.1", "libGL.so"};
        -:   98:#endif
        -:   99:
    #####:  100:    unsigned int index = 0;
    #####:  101:    for(index = 0; index < (sizeof(NAMES) / sizeof(NAMES[0])); index++) {
    %%%%%:  101-block  0
    %%%%%:  101-block  1
    %%%%%:  101-block  2
branch  0 never executed
branch  1 never executed
    #####:  102:        libGL = dlopen(NAMES[index], RTLD_NOW | RTLD_GLOBAL);
    %%%%%:  102-block  0
call    0 never executed
        -:  103:
    #####:  104:        if(libGL != NULL) {
branch  0 never executed
branch  1 never executed
        -:  105:#if defined(__APPLE__) || defined(__HAIKU__)
        -:  106:            return 1;
        -:  107:#else
    #####:  108:            gladGetProcAddressPtr = (PFNGLXGETPROCADDRESSPROC_PRIVATE)dlsym(libGL,
    %%%%%:  108-block  0
call    0 never executed
        -:  109:                "glXGetProcAddressARB");
    #####:  110:            return gladGetProcAddressPtr != NULL;
        -:  111:#endif
        -:  112:        }
        -:  113:    }
        -:  114:
    #####:  115:    return 0;
    %%%%%:  115-block  0
        -:  116:}
        -:  117:
        -:  118:static
function close_gl called 0 returned 0% blocks executed 0%
    #####:  119:void close_gl(void) {
    #####:  120:    if(libGL != NULL) {
    %%%%%:  120-block  0
branch  0 never executed
branch  1 never executed
    #####:  121:        dlclose(libGL);
    %%%%%:  121-block  0
call    0 never executed
    #####:  122:        libGL = NULL;
        -:  123:    }
    #####:  124:}
        -:  125:#endif
        -:  126:
        -:  127:static
function get_proc called 0 returned 0% blocks executed 0%
    #####:  128:void* get_proc(const char *namez) {
    #####:  129:    void* result = NULL;
    #####:  130:    if(libGL == NULL) return NULL;
    %%%%%:  130-block  0
branch  0 never executed
branch  1 never executed
    %%%%%:  130-block  1
        -:  131:
        -:  132:#if !defined(__APPLE__) && !defined(__HAIKU__)
    #####:  133:    if(gladGetProcAddressPtr != NULL) {
    %%%%%:  133-block  0
branch  0 never executed
branch  1 never executed
    #####:  134:        result = gladGetProcAddressPtr(namez);
    %%%%%:  134-block  0
call    0 never executed
        -:  135:    }
        -:  136:#endif
    #####:  137:    if(result == NULL) {
    %%%%%:  137-block  0
branch  0 never executed
branch  1 never executed
        -:  138:#if defined(_WIN32) || defined(__CYGWIN__)
        -:  139:        result = (void*)GetProcAddress((HMODULE) libGL, namez);
        -:  140:#else
    #####:  141:        result = dlsym(libGL, namez);
    %%%%%:  141-block  0
call    0 never executed
        -:  142:#endif
        -:  143:    }
        -:  144:
    #####:  145:    return result;
    %%%%%:  145-block  0
        -:  146:}
        -:  147:
function gladLoadGL called 0 returned 0% blocks executed 0%
    #####:  148:int gladLoadGL(void) {
    #####:  149:    int status = 0;
        -:  150:
    #####:  151:    if(open_gl()) {
    %%%%%:  151-block  0
call    0 never executed
branch  1 never executed
branch  2 never executed
    #####:  152:        status = gladLoadGLLoader(&get_proc);
    %%%%%:  152-block  0
call    0 never executed
    #####:  153:        close_gl();
call    0 never executed
        -:  154:    }
        -:  155:
    #####:  156:    return status;
    %%%%%:  156-block  0
        -:  157:}
        -:  158:
        -:  159:struct gladGLversionStruct GLVersion = { 0, 0 };
        -:  160:
        -:  161:#if defined(GL_ES_VERSION_3_0) || defined(GL_VERSION_3_0)
        -:  162:#define _GLAD_IS_SOME_NEW_VERSION 1
        -:  163:#endif
        -:  164:
        -:  165:static int max_loaded_major;
        -:  166:static int max_loaded_minor;
        -:  167:
        -:  168:static const char *exts = NULL;
        -:  169:static int num_exts_i = 0;
        -:  170:static char **exts_i = NULL;
        -:  171:
function get_exts called 1 returned 100% blocks executed 81%
        1:  172:static int get_exts(void) {
        -:  173:#ifdef _GLAD_IS_SOME_NEW_VERSION
        1:  174:    if(max_loaded_major < 3) {
        1:  174-block  0
branch  0 taken 0 (fallthrough)
branch  1 taken 1
        -:  175:#endif
    #####:  176:        exts = (const char *)glGetString(GL_EXTENSIONS);
    %%%%%:  176-block  0
call    0 never executed
        -:  177:#ifdef _GLAD_IS_SOME_NEW_VERSION
        -:  178:    } else {
        -:  179:        unsigned int index;
        -:  180:
        1:  181:        num_exts_i = 0;
        1:  182:        glGetIntegerv(GL_NUM_EXTENSIONS, &num_exts_i);
        1:  182-block  0
call    0 returned 1
        1:  183:        if (num_exts_i > 0) {
branch  0 taken 1 (fallthrough)
branch  1 taken 0
        1:  184:            exts_i = (char **)malloc((size_t)num_exts_i * (sizeof *exts_i));
        1:  184-block  0
        -:  185:        }
        -:  186:
        1:  187:        if (exts_i == NULL) {
        1:  187-block  0
branch  0 taken 0 (fallthrough)
branch  1 taken 1
    #####:  188:            return 0;
    %%%%%:  188-block  0
        -:  189:        }
        -:  190:
      401:  191:        for(index = 0; index < (unsigned)num_exts_i; index++) {
        1:  191-block  0
      401:  191-block  1
branch  0 taken 400
branch  1 taken 1 (fallthrough)
      400:  192:            const char *gl_str_tmp = (const char*)glGetStringi(GL_EXTENSIONS, index);
      400:  192-block  0
call    0 returned 400
      400:  193:            size_t len = strlen(gl_str_tmp);
        -:  194:
      400:  195:            char *local_str = (char*)malloc((len+1) * sizeof(char));
      400:  196:            if(local_str != NULL) {
branch  0 taken 400 (fallthrough)
branch  1 taken 0
      400:  197:                memcpy(local_str, gl_str_tmp, (len+1) * sizeof(char));
      400:  197-block  0
        -:  198:            }
      400:  199:            exts_i[index] = local_str;
      400:  199-block  0
        -:  200:        }
        -:  201:    }
        -:  202:#endif
        1:  203:    return 1;
        1:  203-block  0
        -:  204:}
        -:  205:
function free_exts called 1 returned 100% blocks executed 100%
        1:  206:static void free_exts(void) {
        1:  207:    if (exts_i != NULL) {
        1:  207-block  0
branch  0 taken 1 (fallthrough)
branch  1 taken 0
        -:  208:        int index;
      401:  209:        for(index = 0; index < num_exts_i; index++) {
        1:  209-block  0
      401:  209-block  1
branch  0 taken 400
branch  1 taken 1 (fallthrough)
      400:  210:            free((char *)exts_i[index]);
      400:  210-block  0
        -:  211:        }
        1:  212:        free((void *)exts_i);
        1:  213:        exts_i = NULL;
        1:  213-block  0
        -:  214:    }
        1:  215:}
        -:  216:
function has_ext called 0 returned 0% blocks executed 0%
    #####:  217:static int has_ext(const char *ext) {
        -:  218:#ifdef _GLAD_IS_SOME_NEW_VERSION
    #####:  219:    if(max_loaded_major < 3) {
    %%%%%:  219-block  0
branch  0 never executed
branch  1 never executed
        -:  220:#endif
        -:  221:        const char *extensions;
        -:  222:        const char *loc;
        -:  223:        const char *terminator;
    #####:  224:        extensions = exts;
    #####:  225:        if(extensions == NULL || ext == NULL) {
    %%%%%:  225-block  0
branch  0 never executed
branch  1 never executed
    %%%%%:  225-block  1
branch  2 never executed
branch  3 never executed
    #####:  226:            return 0;
    %%%%%:  226-block  0
        -:  227:        }
        -:  228:
        -:  229:        while(1) {
    #####:  230:            loc = strstr(extensions, ext);
    #####:  231:            if(loc == NULL) {
    %%%%%:  231-block  0
branch  0 never executed
branch  1 never executed
    #####:  232:                return 0;
    %%%%%:  232-block  0
        -:  233:            }
        -:  234:
    #####:  235:            terminator = loc + strlen(ext);
    #####:  236:            if((loc == extensions || *(loc - 1) == ' ') &&
    %%%%%:  236-block  0
branch  0 never executed
branch  1 never executed
    %%%%%:  236-block  1
branch  2 never executed
branch  3 never executed
    #####:  237:                (*terminator == ' ' || *terminator == '\0')) {
    %%%%%:  237-block  0
branch  0 never executed
branch  1 never executed
    %%%%%:  237-block  1
branch  2 never executed
branch  3 never executed
    #####:  238:                return 1;
    %%%%%:  238-block  0
        -:  239:            }
    #####:  240:            extensions = terminator;
    %%%%%:  240-block  0
        -:  241:        }
        -:  242:#ifdef _GLAD_IS_SOME_NEW_VERSION
        -:  243:    } else {
        -:  244:        int index;
    #####:  245:        if(exts_i == NULL) return 0;
    %%%%%:  245-block  0
branch  0 never executed
branch  1 never executed
    %%%%%:  245-block  1
    #####:  246:        for(index = 0; index < num_exts_i; index++) {
    %%%%%:  246-block  0
    %%%%%:  246-block  1
    %%%%%:  246-block  2
branch  0 never executed
branch  1 never executed
    #####:  247:            const char *e = exts_i[index];
        -:  248:
    #####:  249:            if(exts_i[index] != NULL && strcmp(e, ext) == 0) {
    %%%%%:  249-block  0
branch  0 never executed
branch  1 never executed
    %%%%%:  249-block  1
branch  2 never executed
branch  3 never executed
    #####:  250:                return 1;
    %%%%%:  250-block  0
        -:  251:            }
        -:  252:        }
        -:  253:    }
        -:  254:#endif
        -:  255:
    #####:  256:    return 0;
    %%%%%:  256-block  0
        -:  257:}
        -:  258:int GLAD_GL_VERSION_1_0 = 0;
        -:  259:int GLAD_GL_VERSION_1_1 = 0;
        -:  260:int GLAD_GL_VERSION_1_2 = 0;
        -:  261:int GLAD_GL_VERSION_1_3 = 0;
        -:  262:int GLAD_GL_VERSION_1_4 = 0;
        -:  263:int GLAD_GL_VERSION_1_5 = 0;
        -:  264:int GLAD_GL_VERSION_2_0 = 0;
        -:  265:int GLAD_GL_VERSION_2_1 = 0;
        -:  266:int GLAD_GL_VERSION_3_0 = 0;
        -:  267:int GLAD_GL_VERSION_3_1 = 0;
        -:  268:int GLAD_GL_VERSION_3_2 = 0;
        -:  269:int GLAD_GL_VERSION_3_3 = 0;
        -:  270:int GLAD_GL_VERSION_4_0 = 0;
        -:  271:int GLAD_GL_VERSION_4_1 = 0;
        -:  272:int GLAD_GL_VERSION_4_2 = 0;
        -:  273:int GLAD_GL_VERSION_4_3 = 0;
        -:  274:int GLAD_GL_VERSION_4_4 = 0;
        -:  275:int GLAD_GL_VERSION_4_5 = 0;
        -:  276:int GLAD_GL_VERSION_4_6 = 0;
        -:  277:PFNGLACCUMPROC glad_glAccum = NULL;
        -:  278:PFNGLACTIVESHADERPROGRAMPROC glad_glActiveShaderProgram = NULL;
        -:  279:PFNGLACTIVETEXTUREPROC glad_glActiveTexture = NULL;
        -:  280:PFNGLALPHAFUNCPROC glad_glAlphaFunc = NULL;
        -:  281:PFNGLARETEXTURESRESIDENTPROC glad_glAreTexturesResident = NULL;
        -:  282:PFNGLARRAYELEMENTPROC glad_glArrayElement = NULL;
        -:  283:PFNGLATTACHSHADERPROC glad_glAttachShader = NULL;
        -:  284:PFNGLBEGINPROC glad_glBegin = NULL;
        -:  285:PFNGLBEGINCONDITIONALRENDERPROC glad_glBeginConditionalRender = NULL;
        -:  286:PFNGLBEGINQUERYPROC glad_glBeginQuery = NULL;
        -:  287:PFNGLBEGINQUERYINDEXEDPROC glad_glBeginQueryIndexed = NULL;
        -:  288:PFNGLBEGINTRANSFORMFEEDBACKPROC glad_glBeginTransformFeedback = NULL;
        -:  289:PFNGLBINDATTRIBLOCATIONPROC glad_glBindAttribLocation = NULL;
        -:  290:PFNGLBINDBUFFERPROC glad_glBindBuffer = NULL;
        -:  291:PFNGLBINDBUFFERBASEPROC glad_glBindBufferBase = NULL;
        -:  292:PFNGLBINDBUFFERRANGEPROC glad_glBindBufferRange = NULL;
        -:  293:PFNGLBINDBUFFERSBASEPROC glad_glBindBuffersBase = NULL;
        -:  294:PFNGLBINDBUFFERSRANGEPROC glad_glBindBuffersRange = NULL;
        -:  295:PFNGLBINDFRAGDATALOCATIONPROC glad_glBindFragDataLocation = NULL;
        -:  296:PFNGLBINDFRAGDATALOCATIONINDEXEDPROC glad_glBindFragDataLocationIndexed = NULL;
        -:  297:PFNGLBINDFRAMEBUFFERPROC glad_glBindFramebuffer = NULL;
        -:  298:PFNGLBINDIMAGETEXTUREPROC glad_glBindImageTexture = NULL;
        -:  299:PFNGLBINDIMAGETEXTURESPROC glad_glBindImageTextures = NULL;
        -:  300:PFNGLBINDPROGRAMPIPELINEPROC glad_glBindProgramPipeline = NULL;
        -:  301:PFNGLBINDRENDERBUFFERPROC glad_glBindRenderbuffer = NULL;
        -:  302:PFNGLBINDSAMPLERPROC glad_glBindSampler = NULL;
        -:  303:PFNGLBINDSAMPLERSPROC glad_glBindSamplers = NULL;
        -:  304:PFNGLBINDTEXTUREPROC glad_glBindTexture = NULL;
        -:  305:PFNGLBINDTEXTUREUNITPROC glad_glBindTextureUnit = NULL;
        -:  306:PFNGLBINDTEXTURESPROC glad_glBindTextures = NULL;
        -:  307:PFNGLBINDTRANSFORMFEEDBACKPROC glad_glBindTransformFeedback = NULL;
        -:  308:PFNGLBINDVERTEXARRAYPROC glad_glBindVertexArray = NULL;
        -:  309:PFNGLBINDVERTEXBUFFERPROC glad_glBindVertexBuffer = NULL;
        -:  310:PFNGLBINDVERTEXBUFFERSPROC glad_glBindVertexBuffers = NULL;
        -:  311:PFNGLBITMAPPROC glad_glBitmap = NULL;
        -:  312:PFNGLBLENDCOLORPROC glad_glBlendColor = NULL;
        -:  313:PFNGLBLENDEQUATIONPROC glad_glBlendEquation = NULL;
        -:  314:PFNGLBLENDEQUATIONSEPARATEPROC glad_glBlendEquationSeparate = NULL;
        -:  315:PFNGLBLENDEQUATIONSEPARATEIPROC glad_glBlendEquationSeparatei = NULL;
        -:  316:PFNGLBLENDEQUATIONIPROC glad_glBlendEquationi = NULL;
        -:  317:PFNGLBLENDFUNCPROC glad_glBlendFunc = NULL;
        -:  318:PFNGLBLENDFUNCSEPARATEPROC glad_glBlendFuncSeparate = NULL;
        -:  319:PFNGLBLENDFUNCSEPARATEIPROC glad_glBlendFuncSeparatei = NULL;
        -:  320:PFNGLBLENDFUNCIPROC glad_glBlendFunci = NULL;
        -:  321:PFNGLBLITFRAMEBUFFERPROC glad_glBlitFramebuffer = NULL;
        -:  322:PFNGLBLITNAMEDFRAMEBUFFERPROC glad_glBlitNamedFramebuffer = NULL;
        -:  323:PFNGLBUFFERDATAPROC glad_glBufferData = NULL;
        -:  324:PFNGLBUFFERSTORAGEPROC glad_glBufferStorage = NULL;
        -:  325:PFNGLBUFFERSUBDATAPROC glad_glBufferSubData = NULL;
        -:  326:PFNGLCALLLISTPROC glad_glCallList = NULL;
        -:  327:PFNGLCALLLISTSPROC glad_glCallLists = NULL;
        -:  328:PFNGLCHECKFRAMEBUFFERSTATUSPROC glad_glCheckFramebufferStatus = NULL;
        -:  329:PFNGLCHECKNAMEDFRAMEBUFFERSTATUSPROC glad_glCheckNamedFramebufferStatus = NULL;
        -:  330:PFNGLCLAMPCOLORPROC glad_glClampColor = NULL;
        -:  331:PFNGLCLEARPROC glad_glClear = NULL;
        -:  332:PFNGLCLEARACCUMPROC glad_glClearAccum = NULL;
        -:  333:PFNGLCLEARBUFFERDATAPROC glad_glClearBufferData = NULL;
        -:  334:PFNGLCLEARBUFFERSUBDATAPROC glad_glClearBufferSubData = NULL;
        -:  335:PFNGLCLEARBUFFERFIPROC glad_glClearBufferfi = NULL;
        -:  336:PFNGLCLEARBUFFERFVPROC glad_glClearBufferfv = NULL;
        -:  337:PFNGLCLEARBUFFERIVPROC glad_glClearBufferiv = NULL;
        -:  338:PFNGLCLEARBUFFERUIVPROC glad_glClearBufferuiv = NULL;
        -:  339:PFNGLCLEARCOLORPROC glad_glClearColor = NULL;
        -:  340:PFNGLCLEARDEPTHPROC glad_glClearDepth = NULL;
        -:  341:PFNGLCLEARDEPTHFPROC glad_glClearDepthf = NULL;
        -:  342:PFNGLCLEARINDEXPROC glad_glClearIndex = NULL;
        -:  343:PFNGLCLEARNAMEDBUFFERDATAPROC glad_glClearNamedBufferData = NULL;
        -:  344:PFNGLCLEARNAMEDBUFFERSUBDATAPROC glad_glClearNamedBufferSubData = NULL;
        -:  345:PFNGLCLEARNAMEDFRAMEBUFFERFIPROC glad_glClearNamedFramebufferfi = NULL;
        -:  346:PFNGLCLEARNAMEDFRAMEBUFFERFVPROC glad_glClearNamedFramebufferfv = NULL;
        -:  347:PFNGLCLEARNAMEDFRAMEBUFFERIVPROC glad_glClearNamedFramebufferiv = NULL;
        -:  348:PFNGLCLEARNAMEDFRAMEBUFFERUIVPROC glad_glClearNamedFramebufferuiv = NULL;
        -:  349:PFNGLCLEARSTENCILPROC glad_glClearStencil = NULL;
        -:  350:PFNGLCLEARTEXIMAGEPROC glad_glClearTexImage = NULL;
        -:  351:PFNGLCLEARTEXSUBIMAGEPROC glad_glClearTexSubImage = NULL;
        -:  352:PFNGLCLIENTACTIVETEXTUREPROC glad_glClientActiveTexture = NULL;
        -:  353:PFNGLCLIENTWAITSYNCPROC glad_glClientWaitSync = NULL;
        -:  354:PFNGLCLIPCONTROLPROC glad_glClipControl = NULL;
        -:  355:PFNGLCLIPPLANEPROC glad_glClipPlane = NULL;
        -:  356:PFNGLCOLOR3BPROC glad_glColor3b = NULL;
        -:  357:PFNGLCOLOR3BVPROC glad_glColor3bv = NULL;
        -:  358:PFNGLCOLOR3DPROC glad_glColor3d = NULL;
        -:  359:PFNGLCOLOR3DVPROC glad_glColor3dv = NULL;
        -:  360:PFNGLCOLOR3FPROC glad_glColor3f = NULL;
        -:  361:PFNGLCOLOR3FVPROC glad_glColor3fv = NULL;
        -:  362:PFNGLCOLOR3IPROC glad_glColor3i = NULL;
        -:  363:PFNGLCOLOR3IVPROC glad_glColor3iv = NULL;
        -:  364:PFNGLCOLOR3SPROC glad_glColor3s = NULL;
        -:  365:PFNGLCOLOR3SVPROC glad_glColor3sv = NULL;
        -:  366:PFNGLCOLOR3UBPROC glad_glColor3ub = NULL;
        -:  367:PFNGLCOLOR3UBVPROC glad_glColor3ubv = NULL;
        -:  368:PFNGLCOLOR3UIPROC glad_glColor3ui = NULL;
        -:  369:PFNGLCOLOR3UIVPROC glad_glColor3uiv = NULL;
        -:  370:PFNGLCOLOR3USPROC glad_glColor3us = NULL;
        -:  371:PFNGLCOLOR3USVPROC glad_glColor3usv = NULL;
        -:  372:PFNGLCOLOR4BPROC glad_glColor4b = NULL;
        -:  373:PFNGLCOLOR4BVPROC glad_glColor4bv = NULL;
        -:  374:PFNGLCOLOR4DPROC glad_glColor4d = NULL;
        -:  375:PFNGLCOLOR4DVPROC glad_glColor4dv = NULL;
        -:  376:PFNGLCOLOR4FPROC glad_glColor4f = NULL;
        -:  377:PFNGLCOLOR4FVPROC glad_glColor4fv = NULL;
        -:  378:PFNGLCOLOR4IPROC glad_glColor4i = NULL;
        -:  379:PFNGLCOLOR4IVPROC glad_glColor4iv = NULL;
        -:  380:PFNGLCOLOR4SPROC glad_glColor4s = NULL;
        -:  381:PFNGLCOLOR4SVPROC glad_glColor4sv = NULL;
        -:  382:PFNGLCOLOR4UBPROC glad_glColor4ub = NULL;
        -:  383:PFNGLCOLOR4UBVPROC glad_glColor4ubv = NULL;
        -:  384:PFNGLCOLOR4UIPROC glad_glColor4ui = NULL;
        -:  385:PFNGLCOLOR4UIVPROC glad_glColor4uiv = NULL;
        -:  386:PFNGLCOLOR4USPROC glad_glColor4us = NULL;
        -:  387:PFNGLCOLOR4USVPROC glad_glColor4usv = NULL;
        -:  388:PFNGLCOLORMASKPROC glad_glColorMask = NULL;
        -:  389:PFNGLCOLORMASKIPROC glad_glColorMaski = NULL;
        -:  390:PFNGLCOLORMATERIALPROC glad_glColorMaterial = NULL;
        -:  391:PFNGLCOLORP3UIPROC glad_glColorP3ui = NULL;
        -:  392:PFNGLCOLORP3UIVPROC glad_glColorP3uiv = NULL;
        -:  393:PFNGLCOLORP4UIPROC glad_glColorP4ui = NULL;
        -:  394:PFNGLCOLORP4UIVPROC glad_glColorP4uiv = NULL;
        -:  395:PFNGLCOLORPOINTERPROC glad_glColorPointer = NULL;
        -:  396:PFNGLCOMPILESHADERPROC glad_glCompileShader = NULL;
        -:  397:PFNGLCOMPRESSEDTEXIMAGE1DPROC glad_glCompressedTexImage1D = NULL;
        -:  398:PFNGLCOMPRESSEDTEXIMAGE2DPROC glad_glCompressedTexImage2D = NULL;
        -:  399:PFNGLCOMPRESSEDTEXIMAGE3DPROC glad_glCompressedTexImage3D = NULL;
        -:  400:PFNGLCOMPRESSEDTEXSUBIMAGE1DPROC glad_glCompressedTexSubImage1D = NULL;
        -:  401:PFNGLCOMPRESSEDTEXSUBIMAGE2DPROC glad_glCompressedTexSubImage2D = NULL;
        -:  402:PFNGLCOMPRESSEDTEXSUBIMAGE3DPROC glad_glCompressedTexSubImage3D = NULL;
        -:  403:PFNGLCOMPRESSEDTEXTURESUBIMAGE1DPROC glad_glCompressedTextureSubImage1D = NULL;
        -:  404:PFNGLCOMPRESSEDTEXTURESUBIMAGE2DPROC glad_glCompressedTextureSubImage2D = NULL;
        -:  405:PFNGLCOMPRESSEDTEXTURESUBIMAGE3DPROC glad_glCompressedTextureSubImage3D = NULL;
        -:  406:PFNGLCOPYBUFFERSUBDATAPROC glad_glCopyBufferSubData = NULL;
        -:  407:PFNGLCOPYIMAGESUBDATAPROC glad_glCopyImageSubData = NULL;
        -:  408:PFNGLCOPYNAMEDBUFFERSUBDATAPROC glad_glCopyNamedBufferSubData = NULL;
        -:  409:PFNGLCOPYPIXELSPROC glad_glCopyPixels = NULL;
        -:  410:PFNGLCOPYTEXIMAGE1DPROC glad_glCopyTexImage1D = NULL;
        -:  411:PFNGLCOPYTEXIMAGE2DPROC glad_glCopyTexImage2D = NULL;
        -:  412:PFNGLCOPYTEXSUBIMAGE1DPROC glad_glCopyTexSubImage1D = NULL;
        -:  413:PFNGLCOPYTEXSUBIMAGE2DPROC glad_glCopyTexSubImage2D = NULL;
        -:  414:PFNGLCOPYTEXSUBIMAGE3DPROC glad_glCopyTexSubImage3D = NULL;
        -:  415:PFNGLCOPYTEXTURESUBIMAGE1DPROC glad_glCopyTextureSubImage1D = NULL;
        -:  416:PFNGLCOPYTEXTURESUBIMAGE2DPROC glad_glCopyTextureSubImage2D = NULL;
        -:  417:PFNGLCOPYTEXTURESUBIMAGE3DPROC glad_glCopyTextureSubImage3D = NULL;
        -:  418:PFNGLCREATEBUFFERSPROC glad_glCreateBuffers = NULL;
        -:  419:PFNGLCREATEFRAMEBUFFERSPROC glad_glCreateFramebuffers = NULL;
        -:  420:PFNGLCREATEPROGRAMPROC glad_glCreateProgram = NULL;
        -:  421:PFNGLCREATEPROGRAMPIPELINESPROC glad_glCreateProgramPipelines = NULL;
        -:  422:PFNGLCREATEQUERIESPROC glad_glCreateQueries = NULL;
        -:  423:PFNGLCREATERENDERBUFFERSPROC glad_glCreateRenderbuffers = NULL;
        -:  424:PFNGLCREATESAMPLERSPROC glad_glCreateSamplers = NULL;
        -:  425:PFNGLCREATESHADERPROC glad_glCreateShader = NULL;
        -:  426:PFNGLCREATESHADERPROGRAMVPROC glad_glCreateShaderProgramv = NULL;
        -:  427:PFNGLCREATETEXTURESPROC glad_glCreateTextures = NULL;
        -:  428:PFNGLCREATETRANSFORMFEEDBACKSPROC glad_glCreateTransformFeedbacks = NULL;
        -:  429:PFNGLCREATEVERTEXARRAYSPROC glad_glCreateVertexArrays = NULL;
        -:  430:PFNGLCULLFACEPROC glad_glCullFace = NULL;
        -:  431:PFNGLDEBUGMESSAGECALLBACKPROC glad_glDebugMessageCallback = NULL;
        -:  432:PFNGLDEBUGMESSAGECONTROLPROC glad_glDebugMessageControl = NULL;
        -:  433:PFNGLDEBUGMESSAGEINSERTPROC glad_glDebugMessageInsert = NULL;
        -:  434:PFNGLDELETEBUFFERSPROC glad_glDeleteBuffers = NULL;
        -:  435:PFNGLDELETEFRAMEBUFFERSPROC glad_glDeleteFramebuffers = NULL;
        -:  436:PFNGLDELETELISTSPROC glad_glDeleteLists = NULL;
        -:  437:PFNGLDELETEPROGRAMPROC glad_glDeleteProgram = NULL;
        -:  438:PFNGLDELETEPROGRAMPIPELINESPROC glad_glDeleteProgramPipelines = NULL;
        -:  439:PFNGLDELETEQUERIESPROC glad_glDeleteQueries = NULL;
        -:  440:PFNGLDELETERENDERBUFFERSPROC glad_glDeleteRenderbuffers = NULL;
        -:  441:PFNGLDELETESAMPLERSPROC glad_glDeleteSamplers = NULL;
        -:  442:PFNGLDELETESHADERPROC glad_glDeleteShader = NULL;
        -:  443:PFNGLDELETESYNCPROC glad_glDeleteSync = NULL;
        -:  444:PFNGLDELETETEXTURESPROC glad_glDeleteTextures = NULL;
        -:  445:PFNGLDELETETRANSFORMFEEDBACKSPROC glad_glDeleteTransformFeedbacks = NULL;
        -:  446:PFNGLDELETEVERTEXARRAYSPROC glad_glDeleteVertexArrays = NULL;
        -:  447:PFNGLDEPTHFUNCPROC glad_glDepthFunc = NULL;
        -:  448:PFNGLDEPTHMASKPROC glad_glDepthMask = NULL;
        -:  449:PFNGLDEPTHRANGEPROC glad_glDepthRange = NULL;
        -:  450:PFNGLDEPTHRANGEARRAYVPROC glad_glDepthRangeArrayv = NULL;
        -:  451:PFNGLDEPTHRANGEINDEXEDPROC glad_glDepthRangeIndexed = NULL;
        -:  452:PFNGLDEPTHRANGEFPROC glad_glDepthRangef = NULL;
        -:  453:PFNGLDETACHSHADERPROC glad_glDetachShader = NULL;
        -:  454:PFNGLDISABLEPROC glad_glDisable = NULL;
        -:  455:PFNGLDISABLECLIENTSTATEPROC glad_glDisableClientState = NULL;
        -:  456:PFNGLDISABLEVERTEXARRAYATTRIBPROC glad_glDisableVertexArrayAttrib = NULL;
        -:  457:PFNGLDISABLEVERTEXATTRIBARRAYPROC glad_glDisableVertexAttribArray = NULL;
        -:  458:PFNGLDISABLEIPROC glad_glDisablei = NULL;
        -:  459:PFNGLDISPATCHCOMPUTEPROC glad_glDispatchCompute = NULL;
        -:  460:PFNGLDISPATCHCOMPUTEINDIRECTPROC glad_glDispatchComputeIndirect = NULL;
        -:  461:PFNGLDRAWARRAYSPROC glad_glDrawArrays = NULL;
        -:  462:PFNGLDRAWARRAYSINDIRECTPROC glad_glDrawArraysIndirect = NULL;
        -:  463:PFNGLDRAWARRAYSINSTANCEDPROC glad_glDrawArraysInstanced = NULL;
        -:  464:PFNGLDRAWARRAYSINSTANCEDBASEINSTANCEPROC glad_glDrawArraysInstancedBaseInstance = NULL;
        -:  465:PFNGLDRAWBUFFERPROC glad_glDrawBuffer = NULL;
        -:  466:PFNGLDRAWBUFFERSPROC glad_glDrawBuffers = NULL;
        -:  467:PFNGLDRAWELEMENTSPROC glad_glDrawElements = NULL;
        -:  468:PFNGLDRAWELEMENTSBASEVERTEXPROC glad_glDrawElementsBaseVertex = NULL;
        -:  469:PFNGLDRAWELEMENTSINDIRECTPROC glad_glDrawElementsIndirect = NULL;
        -:  470:PFNGLDRAWELEMENTSINSTANCEDPROC glad_glDrawElementsInstanced = NULL;
        -:  471:PFNGLDRAWELEMENTSINSTANCEDBASEINSTANCEPROC glad_glDrawElementsInstancedBaseInstance = NULL;
        -:  472:PFNGLDRAWELEMENTSINSTANCEDBASEVERTEXPROC glad_glDrawElementsInstancedBaseVertex = NULL;
        -:  473:PFNGLDRAWELEMENTSINSTANCEDBASEVERTEXBASEINSTANCEPROC glad_glDrawElementsInstancedBaseVertexBaseInstance = NULL;
        -:  474:PFNGLDRAWPIXELSPROC glad_glDrawPixels = NULL;
        -:  475:PFNGLDRAWRANGEELEMENTSPROC glad_glDrawRangeElements = NULL;
        -:  476:PFNGLDRAWRANGEELEMENTSBASEVERTEXPROC glad_glDrawRangeElementsBaseVertex = NULL;
        -:  477:PFNGLDRAWTRANSFORMFEEDBACKPROC glad_glDrawTransformFeedback = NULL;
        -:  478:PFNGLDRAWTRANSFORMFEEDBACKINSTANCEDPROC glad_glDrawTransformFeedbackInstanced = NULL;
        -:  479:PFNGLDRAWTRANSFORMFEEDBACKSTREAMPROC glad_glDrawTransformFeedbackStream = NULL;
        -:  480:PFNGLDRAWTRANSFORMFEEDBACKSTREAMINSTANCEDPROC glad_glDrawTransformFeedbackStreamInstanced = NULL;
        -:  481:PFNGLEDGEFLAGPROC glad_glEdgeFlag = NULL;
        -:  482:PFNGLEDGEFLAGPOINTERPROC glad_glEdgeFlagPointer = NULL;
        -:  483:PFNGLEDGEFLAGVPROC glad_glEdgeFlagv = NULL;
        -:  484:PFNGLENABLEPROC glad_glEnable = NULL;
        -:  485:PFNGLENABLECLIENTSTATEPROC glad_glEnableClientState = NULL;
        -:  486:PFNGLENABLEVERTEXARRAYATTRIBPROC glad_glEnableVertexArrayAttrib = NULL;
        -:  487:PFNGLENABLEVERTEXATTRIBARRAYPROC glad_glEnableVertexAttribArray = NULL;
        -:  488:PFNGLENABLEIPROC glad_glEnablei = NULL;
        -:  489:PFNGLENDPROC glad_glEnd = NULL;
        -:  490:PFNGLENDCONDITIONALRENDERPROC glad_glEndConditionalRender = NULL;
        -:  491:PFNGLENDLISTPROC glad_glEndList = NULL;
        -:  492:PFNGLENDQUERYPROC glad_glEndQuery = NULL;
        -:  493:PFNGLENDQUERYINDEXEDPROC glad_glEndQueryIndexed = NULL;
        -:  494:PFNGLENDTRANSFORMFEEDBACKPROC glad_glEndTransformFeedback = NULL;
        -:  495:PFNGLEVALCOORD1DPROC glad_glEvalCoord1d = NULL;
        -:  496:PFNGLEVALCOORD1DVPROC glad_glEvalCoord1dv = NULL;
        -:  497:PFNGLEVALCOORD1FPROC glad_glEvalCoord1f = NULL;
        -:  498:PFNGLEVALCOORD1FVPROC glad_glEvalCoord1fv = NULL;
        -:  499:PFNGLEVALCOORD2DPROC glad_glEvalCoord2d = NULL;
        -:  500:PFNGLEVALCOORD2DVPROC glad_glEvalCoord2dv = NULL;
        -:  501:PFNGLEVALCOORD2FPROC glad_glEvalCoord2f = NULL;
        -:  502:PFNGLEVALCOORD2FVPROC glad_glEvalCoord2fv = NULL;
        -:  503:PFNGLEVALMESH1PROC glad_glEvalMesh1 = NULL;
        -:  504:PFNGLEVALMESH2PROC glad_glEvalMesh2 = NULL;
        -:  505:PFNGLEVALPOINT1PROC glad_glEvalPoint1 = NULL;
        -:  506:PFNGLEVALPOINT2PROC glad_glEvalPoint2 = NULL;
        -:  507:PFNGLFEEDBACKBUFFERPROC glad_glFeedbackBuffer = NULL;
        -:  508:PFNGLFENCESYNCPROC glad_glFenceSync = NULL;
        -:  509:PFNGLFINISHPROC glad_glFinish = NULL;
        -:  510:PFNGLFLUSHPROC glad_glFlush = NULL;
        -:  511:PFNGLFLUSHMAPPEDBUFFERRANGEPROC glad_glFlushMappedBufferRange = NULL;
        -:  512:PFNGLFLUSHMAPPEDNAMEDBUFFERRANGEPROC glad_glFlushMappedNamedBufferRange = NULL;
        -:  513:PFNGLFOGCOORDPOINTERPROC glad_glFogCoordPointer = NULL;
        -:  514:PFNGLFOGCOORDDPROC glad_glFogCoordd = NULL;
        -:  515:PFNGLFOGCOORDDVPROC glad_glFogCoorddv = NULL;
        -:  516:PFNGLFOGCOORDFPROC glad_glFogCoordf = NULL;
        -:  517:PFNGLFOGCOORDFVPROC glad_glFogCoordfv = NULL;
        -:  518:PFNGLFOGFPROC glad_glFogf = NULL;
        -:  519:PFNGLFOGFVPROC glad_glFogfv = NULL;
        -:  520:PFNGLFOGIPROC glad_glFogi = NULL;
        -:  521:PFNGLFOGIVPROC glad_glFogiv = NULL;
        -:  522:PFNGLFRAMEBUFFERPARAMETERIPROC glad_glFramebufferParameteri = NULL;
        -:  523:PFNGLFRAMEBUFFERRENDERBUFFERPROC glad_glFramebufferRenderbuffer = NULL;
        -:  524:PFNGLFRAMEBUFFERTEXTUREPROC glad_glFramebufferTexture = NULL;
        -:  525:PFNGLFRAMEBUFFERTEXTURE1DPROC glad_glFramebufferTexture1D = NULL;
        -:  526:PFNGLFRAMEBUFFERTEXTURE2DPROC glad_glFramebufferTexture2D = NULL;
        -:  527:PFNGLFRAMEBUFFERTEXTURE3DPROC glad_glFramebufferTexture3D = NULL;
        -:  528:PFNGLFRAMEBUFFERTEXTURELAYERPROC glad_glFramebufferTextureLayer = NULL;
        -:  529:PFNGLFRONTFACEPROC glad_glFrontFace = NULL;
        -:  530:PFNGLFRUSTUMPROC glad_glFrustum = NULL;
        -:  531:PFNGLGENBUFFERSPROC glad_glGenBuffers = NULL;
        -:  532:PFNGLGENFRAMEBUFFERSPROC glad_glGenFramebuffers = NULL;
        -:  533:PFNGLGENLISTSPROC glad_glGenLists = NULL;
        -:  534:PFNGLGENPROGRAMPIPELINESPROC glad_glGenProgramPipelines = NULL;
        -:  535:PFNGLGENQUERIESPROC glad_glGenQueries = NULL;
        -:  536:PFNGLGENRENDERBUFFERSPROC glad_glGenRenderbuffers = NULL;
        -:  537:PFNGLGENSAMPLERSPROC glad_glGenSamplers = NULL;
        -:  538:PFNGLGENTEXTURESPROC glad_glGenTextures = NULL;
        -:  539:PFNGLGENTRANSFORMFEEDBACKSPROC glad_glGenTransformFeedbacks = NULL;
        -:  540:PFNGLGENVERTEXARRAYSPROC glad_glGenVertexArrays = NULL;
        -:  541:PFNGLGENERATEMIPMAPPROC glad_glGenerateMipmap = NULL;
        -:  542:PFNGLGENERATETEXTUREMIPMAPPROC glad_glGenerateTextureMipmap = NULL;
        -:  543:PFNGLGETACTIVEATOMICCOUNTERBUFFERIVPROC glad_glGetActiveAtomicCounterBufferiv = NULL;
        -:  544:PFNGLGETACTIVEATTRIBPROC glad_glGetActiveAttrib = NULL;
        -:  545:PFNGLGETACTIVESUBROUTINENAMEPROC glad_glGetActiveSubroutineName = NULL;
        -:  546:PFNGLGETACTIVESUBROUTINEUNIFORMNAMEPROC glad_glGetActiveSubroutineUniformName = NULL;
        -:  547:PFNGLGETACTIVESUBROUTINEUNIFORMIVPROC glad_glGetActiveSubroutineUniformiv = NULL;
        -:  548:PFNGLGETACTIVEUNIFORMPROC glad_glGetActiveUniform = NULL;
        -:  549:PFNGLGETACTIVEUNIFORMBLOCKNAMEPROC glad_glGetActiveUniformBlockName = NULL;
        -:  550:PFNGLGETACTIVEUNIFORMBLOCKIVPROC glad_glGetActiveUniformBlockiv = NULL;
        -:  551:PFNGLGETACTIVEUNIFORMNAMEPROC glad_glGetActiveUniformName = NULL;
        -:  552:PFNGLGETACTIVEUNIFORMSIVPROC glad_glGetActiveUniformsiv = NULL;
        -:  553:PFNGLGETATTACHEDSHADERSPROC glad_glGetAttachedShaders = NULL;
        -:  554:PFNGLGETATTRIBLOCATIONPROC glad_glGetAttribLocation = NULL;
        -:  555:PFNGLGETBOOLEANI_VPROC glad_glGetBooleani_v = NULL;
        -:  556:PFNGLGETBOOLEANVPROC glad_glGetBooleanv = NULL;
        -:  557:PFNGLGETBUFFERPARAMETERI64VPROC glad_glGetBufferParameteri64v = NULL;
        -:  558:PFNGLGETBUFFERPARAMETERIVPROC glad_glGetBufferParameteriv = NULL;
        -:  559:PFNGLGETBUFFERPOINTERVPROC glad_glGetBufferPointerv = NULL;
        -:  560:PFNGLGETBUFFERSUBDATAPROC glad_glGetBufferSubData = NULL;
        -:  561:PFNGLGETCLIPPLANEPROC glad_glGetClipPlane = NULL;
        -:  562:PFNGLGETCOMPRESSEDTEXIMAGEPROC glad_glGetCompressedTexImage = NULL;
        -:  563:PFNGLGETCOMPRESSEDTEXTUREIMAGEPROC glad_glGetCompressedTextureImage = NULL;
        -:  564:PFNGLGETCOMPRESSEDTEXTURESUBIMAGEPROC glad_glGetCompressedTextureSubImage = NULL;
        -:  565:PFNGLGETDEBUGMESSAGELOGPROC glad_glGetDebugMessageLog = NULL;
        -:  566:PFNGLGETDOUBLEI_VPROC glad_glGetDoublei_v = NULL;
        -:  567:PFNGLGETDOUBLEVPROC glad_glGetDoublev = NULL;
        -:  568:PFNGLGETERRORPROC glad_glGetError = NULL;
        -:  569:PFNGLGETFLOATI_VPROC glad_glGetFloati_v = NULL;
        -:  570:PFNGLGETFLOATVPROC glad_glGetFloatv = NULL;
        -:  571:PFNGLGETFRAGDATAINDEXPROC glad_glGetFragDataIndex = NULL;
        -:  572:PFNGLGETFRAGDATALOCATIONPROC glad_glGetFragDataLocation = NULL;
        -:  573:PFNGLGETFRAMEBUFFERATTACHMENTPARAMETERIVPROC glad_glGetFramebufferAttachmentParameteriv = NULL;
        -:  574:PFNGLGETFRAMEBUFFERPARAMETERIVPROC glad_glGetFramebufferParameteriv = NULL;
        -:  575:PFNGLGETGRAPHICSRESETSTATUSPROC glad_glGetGraphicsResetStatus = NULL;
        -:  576:PFNGLGETINTEGER64I_VPROC glad_glGetInteger64i_v = NULL;
        -:  577:PFNGLGETINTEGER64VPROC glad_glGetInteger64v = NULL;
        -:  578:PFNGLGETINTEGERI_VPROC glad_glGetIntegeri_v = NULL;
        -:  579:PFNGLGETINTEGERVPROC glad_glGetIntegerv = NULL;
        -:  580:PFNGLGETINTERNALFORMATI64VPROC glad_glGetInternalformati64v = NULL;
        -:  581:PFNGLGETINTERNALFORMATIVPROC glad_glGetInternalformativ = NULL;
        -:  582:PFNGLGETLIGHTFVPROC glad_glGetLightfv = NULL;
        -:  583:PFNGLGETLIGHTIVPROC glad_glGetLightiv = NULL;
        -:  584:PFNGLGETMAPDVPROC glad_glGetMapdv = NULL;
        -:  585:PFNGLGETMAPFVPROC glad_glGetMapfv = NULL;
        -:  586:PFNGLGETMAPIVPROC glad_glGetMapiv = NULL;
        -:  587:PFNGLGETMATERIALFVPROC glad_glGetMaterialfv = NULL;
        -:  588:PFNGLGETMATERIALIVPROC glad_glGetMaterialiv = NULL;
        -:  589:PFNGLGETMULTISAMPLEFVPROC glad_glGetMultisamplefv = NULL;
        -:  590:PFNGLGETNAMEDBUFFERPARAMETERI64VPROC glad_glGetNamedBufferParameteri64v = NULL;
        -:  591:PFNGLGETNAMEDBUFFERPARAMETERIVPROC glad_glGetNamedBufferParameteriv = NULL;
        -:  592:PFNGLGETNAMEDBUFFERPOINTERVPROC glad_glGetNamedBufferPointerv = NULL;
        -:  593:PFNGLGETNAMEDBUFFERSUBDATAPROC glad_glGetNamedBufferSubData = NULL;
        -:  594:PFNGLGETNAMEDFRAMEBUFFERATTACHMENTPARAMETERIVPROC glad_glGetNamedFramebufferAttachmentParameteriv = NULL;
        -:  595:PFNGLGETNAMEDFRAMEBUFFERPARAMETERIVPROC glad_glGetNamedFramebufferParameteriv = NULL;
        -:  596:PFNGLGETNAMEDRENDERBUFFERPARAMETERIVPROC glad_glGetNamedRenderbufferParameteriv = NULL;
        -:  597:PFNGLGETOBJECTLABELPROC glad_glGetObjectLabel = NULL;
        -:  598:PFNGLGETOBJECTPTRLABELPROC glad_glGetObjectPtrLabel = NULL;
        -:  599:PFNGLGETPIXELMAPFVPROC glad_glGetPixelMapfv = NULL;
        -:  600:PFNGLGETPIXELMAPUIVPROC glad_glGetPixelMapuiv = NULL;
        -:  601:PFNGLGETPIXELMAPUSVPROC glad_glGetPixelMapusv = NULL;
        -:  602:PFNGLGETPOINTERVPROC glad_glGetPointerv = NULL;
        -:  603:PFNGLGETPOLYGONSTIPPLEPROC glad_glGetPolygonStipple = NULL;
        -:  604:PFNGLGETPROGRAMBINARYPROC glad_glGetProgramBinary = NULL;
        -:  605:PFNGLGETPROGRAMINFOLOGPROC glad_glGetProgramInfoLog = NULL;
        -:  606:PFNGLGETPROGRAMINTERFACEIVPROC glad_glGetProgramInterfaceiv = NULL;
        -:  607:PFNGLGETPROGRAMPIPELINEINFOLOGPROC glad_glGetProgramPipelineInfoLog = NULL;
        -:  608:PFNGLGETPROGRAMPIPELINEIVPROC glad_glGetProgramPipelineiv = NULL;
        -:  609:PFNGLGETPROGRAMRESOURCEINDEXPROC glad_glGetProgramResourceIndex = NULL;
        -:  610:PFNGLGETPROGRAMRESOURCELOCATIONPROC glad_glGetProgramResourceLocation = NULL;
        -:  611:PFNGLGETPROGRAMRESOURCELOCATIONINDEXPROC glad_glGetProgramResourceLocationIndex = NULL;
        -:  612:PFNGLGETPROGRAMRESOURCENAMEPROC glad_glGetProgramResourceName = NULL;
        -:  613:PFNGLGETPROGRAMRESOURCEIVPROC glad_glGetProgramResourceiv = NULL;
        -:  614:PFNGLGETPROGRAMSTAGEIVPROC glad_glGetProgramStageiv = NULL;
        -:  615:PFNGLGETPROGRAMIVPROC glad_glGetProgramiv = NULL;
        -:  616:PFNGLGETQUERYBUFFEROBJECTI64VPROC glad_glGetQueryBufferObjecti64v = NULL;
        -:  617:PFNGLGETQUERYBUFFEROBJECTIVPROC glad_glGetQueryBufferObjectiv = NULL;
        -:  618:PFNGLGETQUERYBUFFEROBJECTUI64VPROC glad_glGetQueryBufferObjectui64v = NULL;
        -:  619:PFNGLGETQUERYBUFFEROBJECTUIVPROC glad_glGetQueryBufferObjectuiv = NULL;
        -:  620:PFNGLGETQUERYINDEXEDIVPROC glad_glGetQueryIndexediv = NULL;
        -:  621:PFNGLGETQUERYOBJECTI64VPROC glad_glGetQueryObjecti64v = NULL;
        -:  622:PFNGLGETQUERYOBJECTIVPROC glad_glGetQueryObjectiv = NULL;
        -:  623:PFNGLGETQUERYOBJECTUI64VPROC glad_glGetQueryObjectui64v = NULL;
        -:  624:PFNGLGETQUERYOBJECTUIVPROC glad_glGetQueryObjectuiv = NULL;
        -:  625:PFNGLGETQUERYIVPROC glad_glGetQueryiv = NULL;
        -:  626:PFNGLGETRENDERBUFFERPARAMETERIVPROC glad_glGetRenderbufferParameteriv = NULL;
        -:  627:PFNGLGETSAMPLERPARAMETERIIVPROC glad_glGetSamplerParameterIiv = NULL;
        -:  628:PFNGLGETSAMPLERPARAMETERIUIVPROC glad_glGetSamplerParameterIuiv = NULL;
        -:  629:PFNGLGETSAMPLERPARAMETERFVPROC glad_glGetSamplerParameterfv = NULL;
        -:  630:PFNGLGETSAMPLERPARAMETERIVPROC glad_glGetSamplerParameteriv = NULL;
        -:  631:PFNGLGETSHADERINFOLOGPROC glad_glGetShaderInfoLog = NULL;
        -:  632:PFNGLGETSHADERPRECISIONFORMATPROC glad_glGetShaderPrecisionFormat = NULL;
        -:  633:PFNGLGETSHADERSOURCEPROC glad_glGetShaderSource = NULL;
        -:  634:PFNGLGETSHADERIVPROC glad_glGetShaderiv = NULL;
        -:  635:PFNGLGETSTRINGPROC glad_glGetString = NULL;
        -:  636:PFNGLGETSTRINGIPROC glad_glGetStringi = NULL;
        -:  637:PFNGLGETSUBROUTINEINDEXPROC glad_glGetSubroutineIndex = NULL;
        -:  638:PFNGLGETSUBROUTINEUNIFORMLOCATIONPROC glad_glGetSubroutineUniformLocation = NULL;
        -:  639:PFNGLGETSYNCIVPROC glad_glGetSynciv = NULL;
        -:  640:PFNGLGETTEXENVFVPROC glad_glGetTexEnvfv = NULL;
        -:  641:PFNGLGETTEXENVIVPROC glad_glGetTexEnviv = NULL;
        -:  642:PFNGLGETTEXGENDVPROC glad_glGetTexGendv = NULL;
        -:  643:PFNGLGETTEXGENFVPROC glad_glGetTexGenfv = NULL;
        -:  644:PFNGLGETTEXGENIVPROC glad_glGetTexGeniv = NULL;
        -:  645:PFNGLGETTEXIMAGEPROC glad_glGetTexImage = NULL;
        -:  646:PFNGLGETTEXLEVELPARAMETERFVPROC glad_glGetTexLevelParameterfv = NULL;
        -:  647:PFNGLGETTEXLEVELPARAMETERIVPROC glad_glGetTexLevelParameteriv = NULL;
        -:  648:PFNGLGETTEXPARAMETERIIVPROC glad_glGetTexParameterIiv = NULL;
        -:  649:PFNGLGETTEXPARAMETERIUIVPROC glad_glGetTexParameterIuiv = NULL;
        -:  650:PFNGLGETTEXPARAMETERFVPROC glad_glGetTexParameterfv = NULL;
        -:  651:PFNGLGETTEXPARAMETERIVPROC glad_glGetTexParameteriv = NULL;
        -:  652:PFNGLGETTEXTUREIMAGEPROC glad_glGetTextureImage = NULL;
        -:  653:PFNGLGETTEXTURELEVELPARAMETERFVPROC glad_glGetTextureLevelParameterfv = NULL;
        -:  654:PFNGLGETTEXTURELEVELPARAMETERIVPROC glad_glGetTextureLevelParameteriv = NULL;
        -:  655:PFNGLGETTEXTUREPARAMETERIIVPROC glad_glGetTextureParameterIiv = NULL;
        -:  656:PFNGLGETTEXTUREPARAMETERIUIVPROC glad_glGetTextureParameterIuiv = NULL;
        -:  657:PFNGLGETTEXTUREPARAMETERFVPROC glad_glGetTextureParameterfv = NULL;
        -:  658:PFNGLGETTEXTUREPARAMETERIVPROC glad_glGetTextureParameteriv = NULL;
        -:  659:PFNGLGETTEXTURESUBIMAGEPROC glad_glGetTextureSubImage = NULL;
        -:  660:PFNGLGETTRANSFORMFEEDBACKVARYINGPROC glad_glGetTransformFeedbackVarying = NULL;
        -:  661:PFNGLGETTRANSFORMFEEDBACKI64_VPROC glad_glGetTransformFeedbacki64_v = NULL;
        -:  662:PFNGLGETTRANSFORMFEEDBACKI_VPROC glad_glGetTransformFeedbacki_v = NULL;
        -:  663:PFNGLGETTRANSFORMFEEDBACKIVPROC glad_glGetTransformFeedbackiv = NULL;
        -:  664:PFNGLGETUNIFORMBLOCKINDEXPROC glad_glGetUniformBlockIndex = NULL;
        -:  665:PFNGLGETUNIFORMINDICESPROC glad_glGetUniformIndices = NULL;
        -:  666:PFNGLGETUNIFORMLOCATIONPROC glad_glGetUniformLocation = NULL;
        -:  667:PFNGLGETUNIFORMSUBROUTINEUIVPROC glad_glGetUniformSubroutineuiv = NULL;
        -:  668:PFNGLGETUNIFORMDVPROC glad_glGetUniformdv = NULL;
        -:  669:PFNGLGETUNIFORMFVPROC glad_glGetUniformfv = NULL;
        -:  670:PFNGLGETUNIFORMIVPROC glad_glGetUniformiv = NULL;
        -:  671:PFNGLGETUNIFORMUIVPROC glad_glGetUniformuiv = NULL;
        -:  672:PFNGLGETVERTEXARRAYINDEXED64IVPROC glad_glGetVertexArrayIndexed64iv = NULL;
        -:  673:PFNGLGETVERTEXARRAYINDEXEDIVPROC glad_glGetVertexArrayIndexediv = NULL;
        -:  674:PFNGLGETVERTEXARRAYIVPROC glad_glGetVertexArrayiv = NULL;
        -:  675:PFNGLGETVERTEXATTRIBIIVPROC glad_glGetVertexAttribIiv = NULL;
        -:  676:PFNGLGETVERTEXATTRIBIUIVPROC glad_glGetVertexAttribIuiv = NULL;
        -:  677:PFNGLGETVERTEXATTRIBLDVPROC glad_glGetVertexAttribLdv = NULL;
        -:  678:PFNGLGETVERTEXATTRIBPOINTERVPROC glad_glGetVertexAttribPointerv = NULL;
        -:  679:PFNGLGETVERTEXATTRIBDVPROC glad_glGetVertexAttribdv = NULL;
        -:  680:PFNGLGETVERTEXATTRIBFVPROC glad_glGetVertexAttribfv = NULL;
        -:  681:PFNGLGETVERTEXATTRIBIVPROC glad_glGetVertexAttribiv = NULL;
        -:  682:PFNGLGETNCOLORTABLEPROC glad_glGetnColorTable = NULL;
        -:  683:PFNGLGETNCOMPRESSEDTEXIMAGEPROC glad_glGetnCompressedTexImage = NULL;
        -:  684:PFNGLGETNCONVOLUTIONFILTERPROC glad_glGetnConvolutionFilter = NULL;
        -:  685:PFNGLGETNHISTOGRAMPROC glad_glGetnHistogram = NULL;
        -:  686:PFNGLGETNMAPDVPROC glad_glGetnMapdv = NULL;
        -:  687:PFNGLGETNMAPFVPROC glad_glGetnMapfv = NULL;
        -:  688:PFNGLGETNMAPIVPROC glad_glGetnMapiv = NULL;
        -:  689:PFNGLGETNMINMAXPROC glad_glGetnMinmax = NULL;
        -:  690:PFNGLGETNPIXELMAPFVPROC glad_glGetnPixelMapfv = NULL;
        -:  691:PFNGLGETNPIXELMAPUIVPROC glad_glGetnPixelMapuiv = NULL;
        -:  692:PFNGLGETNPIXELMAPUSVPROC glad_glGetnPixelMapusv = NULL;
        -:  693:PFNGLGETNPOLYGONSTIPPLEPROC glad_glGetnPolygonStipple = NULL;
        -:  694:PFNGLGETNSEPARABLEFILTERPROC glad_glGetnSeparableFilter = NULL;
        -:  695:PFNGLGETNTEXIMAGEPROC glad_glGetnTexImage = NULL;
        -:  696:PFNGLGETNUNIFORMDVPROC glad_glGetnUniformdv = NULL;
        -:  697:PFNGLGETNUNIFORMFVPROC glad_glGetnUniformfv = NULL;
        -:  698:PFNGLGETNUNIFORMIVPROC glad_glGetnUniformiv = NULL;
        -:  699:PFNGLGETNUNIFORMUIVPROC glad_glGetnUniformuiv = NULL;
        -:  700:PFNGLHINTPROC glad_glHint = NULL;
        -:  701:PFNGLINDEXMASKPROC glad_glIndexMask = NULL;
        -:  702:PFNGLINDEXPOINTERPROC glad_glIndexPointer = NULL;
        -:  703:PFNGLINDEXDPROC glad_glIndexd = NULL;
        -:  704:PFNGLINDEXDVPROC glad_glIndexdv = NULL;
        -:  705:PFNGLINDEXFPROC glad_glIndexf = NULL;
        -:  706:PFNGLINDEXFVPROC glad_glIndexfv = NULL;
        -:  707:PFNGLINDEXIPROC glad_glIndexi = NULL;
        -:  708:PFNGLINDEXIVPROC glad_glIndexiv = NULL;
        -:  709:PFNGLINDEXSPROC glad_glIndexs = NULL;
        -:  710:PFNGLINDEXSVPROC glad_glIndexsv = NULL;
        -:  711:PFNGLINDEXUBPROC glad_glIndexub = NULL;
        -:  712:PFNGLINDEXUBVPROC glad_glIndexubv = NULL;
        -:  713:PFNGLINITNAMESPROC glad_glInitNames = NULL;
        -:  714:PFNGLINTERLEAVEDARRAYSPROC glad_glInterleavedArrays = NULL;
        -:  715:PFNGLINVALIDATEBUFFERDATAPROC glad_glInvalidateBufferData = NULL;
        -:  716:PFNGLINVALIDATEBUFFERSUBDATAPROC glad_glInvalidateBufferSubData = NULL;
        -:  717:PFNGLINVALIDATEFRAMEBUFFERPROC glad_glInvalidateFramebuffer = NULL;
        -:  718:PFNGLINVALIDATENAMEDFRAMEBUFFERDATAPROC glad_glInvalidateNamedFramebufferData = NULL;
        -:  719:PFNGLINVALIDATENAMEDFRAMEBUFFERSUBDATAPROC glad_glInvalidateNamedFramebufferSubData = NULL;
        -:  720:PFNGLINVALIDATESUBFRAMEBUFFERPROC glad_glInvalidateSubFramebuffer = NULL;
        -:  721:PFNGLINVALIDATETEXIMAGEPROC glad_glInvalidateTexImage = NULL;
        -:  722:PFNGLINVALIDATETEXSUBIMAGEPROC glad_glInvalidateTexSubImage = NULL;
        -:  723:PFNGLISBUFFERPROC glad_glIsBuffer = NULL;
        -:  724:PFNGLISENABLEDPROC glad_glIsEnabled = NULL;
        -:  725:PFNGLISENABLEDIPROC glad_glIsEnabledi = NULL;
        -:  726:PFNGLISFRAMEBUFFERPROC glad_glIsFramebuffer = NULL;
        -:  727:PFNGLISLISTPROC glad_glIsList = NULL;
        -:  728:PFNGLISPROGRAMPROC glad_glIsProgram = NULL;
        -:  729:PFNGLISPROGRAMPIPELINEPROC glad_glIsProgramPipeline = NULL;
        -:  730:PFNGLISQUERYPROC glad_glIsQuery = NULL;
        -:  731:PFNGLISRENDERBUFFERPROC glad_glIsRenderbuffer = NULL;
        -:  732:PFNGLISSAMPLERPROC glad_glIsSampler = NULL;
        -:  733:PFNGLISSHADERPROC glad_glIsShader = NULL;
        -:  734:PFNGLISSYNCPROC glad_glIsSync = NULL;
        -:  735:PFNGLISTEXTUREPROC glad_glIsTexture = NULL;
        -:  736:PFNGLISTRANSFORMFEEDBACKPROC glad_glIsTransformFeedback = NULL;
        -:  737:PFNGLISVERTEXARRAYPROC glad_glIsVertexArray = NULL;
        -:  738:PFNGLLIGHTMODELFPROC glad_glLightModelf = NULL;
        -:  739:PFNGLLIGHTMODELFVPROC glad_glLightModelfv = NULL;
        -:  740:PFNGLLIGHTMODELIPROC glad_glLightModeli = NULL;
        -:  741:PFNGLLIGHTMODELIVPROC glad_glLightModeliv = NULL;
        -:  742:PFNGLLIGHTFPROC glad_glLightf = NULL;
        -:  743:PFNGLLIGHTFVPROC glad_glLightfv = NULL;
        -:  744:PFNGLLIGHTIPROC glad_glLighti = NULL;
        -:  745:PFNGLLIGHTIVPROC glad_glLightiv = NULL;
        -:  746:PFNGLLINESTIPPLEPROC glad_glLineStipple = NULL;
        -:  747:PFNGLLINEWIDTHPROC glad_glLineWidth = NULL;
        -:  748:PFNGLLINKPROGRAMPROC glad_glLinkProgram = NULL;
        -:  749:PFNGLLISTBASEPROC glad_glListBase = NULL;
        -:  750:PFNGLLOADIDENTITYPROC glad_glLoadIdentity = NULL;
        -:  751:PFNGLLOADMATRIXDPROC glad_glLoadMatrixd = NULL;
        -:  752:PFNGLLOADMATRIXFPROC glad_glLoadMatrixf = NULL;
        -:  753:PFNGLLOADNAMEPROC glad_glLoadName = NULL;
        -:  754:PFNGLLOADTRANSPOSEMATRIXDPROC glad_glLoadTransposeMatrixd = NULL;
        -:  755:PFNGLLOADTRANSPOSEMATRIXFPROC glad_glLoadTransposeMatrixf = NULL;
        -:  756:PFNGLLOGICOPPROC glad_glLogicOp = NULL;
        -:  757:PFNGLMAP1DPROC glad_glMap1d = NULL;
        -:  758:PFNGLMAP1FPROC glad_glMap1f = NULL;
        -:  759:PFNGLMAP2DPROC glad_glMap2d = NULL;
        -:  760:PFNGLMAP2FPROC glad_glMap2f = NULL;
        -:  761:PFNGLMAPBUFFERPROC glad_glMapBuffer = NULL;
        -:  762:PFNGLMAPBUFFERRANGEPROC glad_glMapBufferRange = NULL;
        -:  763:PFNGLMAPGRID1DPROC glad_glMapGrid1d = NULL;
        -:  764:PFNGLMAPGRID1FPROC glad_glMapGrid1f = NULL;
        -:  765:PFNGLMAPGRID2DPROC glad_glMapGrid2d = NULL;
        -:  766:PFNGLMAPGRID2FPROC glad_glMapGrid2f = NULL;
        -:  767:PFNGLMAPNAMEDBUFFERPROC glad_glMapNamedBuffer = NULL;
        -:  768:PFNGLMAPNAMEDBUFFERRANGEPROC glad_glMapNamedBufferRange = NULL;
        -:  769:PFNGLMATERIALFPROC glad_glMaterialf = NULL;
        -:  770:PFNGLMATERIALFVPROC glad_glMaterialfv = NULL;
        -:  771:PFNGLMATERIALIPROC glad_glMateriali = NULL;
        -:  772:PFNGLMATERIALIVPROC glad_glMaterialiv = NULL;
        -:  773:PFNGLMATRIXMODEPROC glad_glMatrixMode = NULL;
        -:  774:PFNGLMEMORYBARRIERPROC glad_glMemoryBarrier = NULL;
        -:  775:PFNGLMEMORYBARRIERBYREGIONPROC glad_glMemoryBarrierByRegion = NULL;
        -:  776:PFNGLMINSAMPLESHADINGPROC glad_glMinSampleShading = NULL;
        -:  777:PFNGLMULTMATRIXDPROC glad_glMultMatrixd = NULL;
        -:  778:PFNGLMULTMATRIXFPROC glad_glMultMatrixf = NULL;
        -:  779:PFNGLMULTTRANSPOSEMATRIXDPROC glad_glMultTransposeMatrixd = NULL;
        -:  780:PFNGLMULTTRANSPOSEMATRIXFPROC glad_glMultTransposeMatrixf = NULL;
        -:  781:PFNGLMULTIDRAWARRAYSPROC glad_glMultiDrawArrays = NULL;
        -:  782:PFNGLMULTIDRAWARRAYSINDIRECTPROC glad_glMultiDrawArraysIndirect = NULL;
        -:  783:PFNGLMULTIDRAWARRAYSINDIRECTCOUNTPROC glad_glMultiDrawArraysIndirectCount = NULL;
        -:  784:PFNGLMULTIDRAWELEMENTSPROC glad_glMultiDrawElements = NULL;
        -:  785:PFNGLMULTIDRAWELEMENTSBASEVERTEXPROC glad_glMultiDrawElementsBaseVertex = NULL;
        -:  786:PFNGLMULTIDRAWELEMENTSINDIRECTPROC glad_glMultiDrawElementsIndirect = NULL;
        -:  787:PFNGLMULTIDRAWELEMENTSINDIRECTCOUNTPROC glad_glMultiDrawElementsIndirectCount = NULL;
        -:  788:PFNGLMULTITEXCOORD1DPROC glad_glMultiTexCoord1d = NULL;
        -:  789:PFNGLMULTITEXCOORD1DVPROC glad_glMultiTexCoord1dv = NULL;
        -:  790:PFNGLMULTITEXCOORD1FPROC glad_glMultiTexCoord1f = NULL;
        -:  791:PFNGLMULTITEXCOORD1FVPROC glad_glMultiTexCoord1fv = NULL;
        -:  792:PFNGLMULTITEXCOORD1IPROC glad_glMultiTexCoord1i = NULL;
        -:  793:PFNGLMULTITEXCOORD1IVPROC glad_glMultiTexCoord1iv = NULL;
        -:  794:PFNGLMULTITEXCOORD1SPROC glad_glMultiTexCoord1s = NULL;
        -:  795:PFNGLMULTITEXCOORD1SVPROC glad_glMultiTexCoord1sv = NULL;
        -:  796:PFNGLMULTITEXCOORD2DPROC glad_glMultiTexCoord2d = NULL;
        -:  797:PFNGLMULTITEXCOORD2DVPROC glad_glMultiTexCoord2dv = NULL;
        -:  798:PFNGLMULTITEXCOORD2FPROC glad_glMultiTexCoord2f = NULL;
        -:  799:PFNGLMULTITEXCOORD2FVPROC glad_glMultiTexCoord2fv = NULL;
        -:  800:PFNGLMULTITEXCOORD2IPROC glad_glMultiTexCoord2i = NULL;
        -:  801:PFNGLMULTITEXCOORD2IVPROC glad_glMultiTexCoord2iv = NULL;
        -:  802:PFNGLMULTITEXCOORD2SPROC glad_glMultiTexCoord2s = NULL;
        -:  803:PFNGLMULTITEXCOORD2SVPROC glad_glMultiTexCoord2sv = NULL;
        -:  804:PFNGLMULTITEXCOORD3DPROC glad_glMultiTexCoord3d = NULL;
        -:  805:PFNGLMULTITEXCOORD3DVPROC glad_glMultiTexCoord3dv = NULL;
        -:  806:PFNGLMULTITEXCOORD3FPROC glad_glMultiTexCoord3f = NULL;
        -:  807:PFNGLMULTITEXCOORD3FVPROC glad_glMultiTexCoord3fv = NULL;
        -:  808:PFNGLMULTITEXCOORD3IPROC glad_glMultiTexCoord3i = NULL;
        -:  809:PFNGLMULTITEXCOORD3IVPROC glad_glMultiTexCoord3iv = NULL;
        -:  810:PFNGLMULTITEXCOORD3SPROC glad_glMultiTexCoord3s = NULL;
        -:  811:PFNGLMULTITEXCOORD3SVPROC glad_glMultiTexCoord3sv = NULL;
        -:  812:PFNGLMULTITEXCOORD4DPROC glad_glMultiTexCoord4d = NULL;
        -:  813:PFNGLMULTITEXCOORD4DVPROC glad_glMultiTexCoord4dv = NULL;
        -:  814:PFNGLMULTITEXCOORD4FPROC glad_glMultiTexCoord4f = NULL;
        -:  815:PFNGLMULTITEXCOORD4FVPROC glad_glMultiTexCoord4fv = NULL;
        -:  816:PFNGLMULTITEXCOORD4IPROC glad_glMultiTexCoord4i = NULL;
        -:  817:PFNGLMULTITEXCOORD4IVPROC glad_glMultiTexCoord4iv = NULL;
        -:  818:PFNGLMULTITEXCOORD4SPROC glad_glMultiTexCoord4s = NULL;
        -:  819:PFNGLMULTITEXCOORD4SVPROC glad_glMultiTexCoord4sv = NULL;
        -:  820:PFNGLMULTITEXCOORDP1UIPROC glad_glMultiTexCoordP1ui = NULL;
        -:  821:PFNGLMULTITEXCOORDP1UIVPROC glad_glMultiTexCoordP1uiv = NULL;
        -:  822:PFNGLMULTITEXCOORDP2UIPROC glad_glMultiTexCoordP2ui = NULL;
        -:  823:PFNGLMULTITEXCOORDP2UIVPROC glad_glMultiTexCoordP2uiv = NULL;
        -:  824:PFNGLMULTITEXCOORDP3UIPROC glad_glMultiTexCoordP3ui = NULL;
        -:  825:PFNGLMULTITEXCOORDP3UIVPROC glad_glMultiTexCoordP3uiv = NULL;
        -:  826:PFNGLMULTITEXCOORDP4UIPROC glad_glMultiTexCoordP4ui = NULL;
        -:  827:PFNGLMULTITEXCOORDP4UIVPROC glad_glMultiTexCoordP4uiv = NULL;
        -:  828:PFNGLNAMEDBUFFERDATAPROC glad_glNamedBufferData = NULL;
        -:  829:PFNGLNAMEDBUFFERSTORAGEPROC glad_glNamedBufferStorage = NULL;
        -:  830:PFNGLNAMEDBUFFERSUBDATAPROC glad_glNamedBufferSubData = NULL;
        -:  831:PFNGLNAMEDFRAMEBUFFERDRAWBUFFERPROC glad_glNamedFramebufferDrawBuffer = NULL;
        -:  832:PFNGLNAMEDFRAMEBUFFERDRAWBUFFERSPROC glad_glNamedFramebufferDrawBuffers = NULL;
        -:  833:PFNGLNAMEDFRAMEBUFFERPARAMETERIPROC glad_glNamedFramebufferParameteri = NULL;
        -:  834:PFNGLNAMEDFRAMEBUFFERREADBUFFERPROC glad_glNamedFramebufferReadBuffer = NULL;
        -:  835:PFNGLNAMEDFRAMEBUFFERRENDERBUFFERPROC glad_glNamedFramebufferRenderbuffer = NULL;
        -:  836:PFNGLNAMEDFRAMEBUFFERTEXTUREPROC glad_glNamedFramebufferTexture = NULL;
        -:  837:PFNGLNAMEDFRAMEBUFFERTEXTURELAYERPROC glad_glNamedFramebufferTextureLayer = NULL;
        -:  838:PFNGLNAMEDRENDERBUFFERSTORAGEPROC glad_glNamedRenderbufferStorage = NULL;
        -:  839:PFNGLNAMEDRENDERBUFFERSTORAGEMULTISAMPLEPROC glad_glNamedRenderbufferStorageMultisample = NULL;
        -:  840:PFNGLNEWLISTPROC glad_glNewList = NULL;
        -:  841:PFNGLNORMAL3BPROC glad_glNormal3b = NULL;
        -:  842:PFNGLNORMAL3BVPROC glad_glNormal3bv = NULL;
        -:  843:PFNGLNORMAL3DPROC glad_glNormal3d = NULL;
        -:  844:PFNGLNORMAL3DVPROC glad_glNormal3dv = NULL;
        -:  845:PFNGLNORMAL3FPROC glad_glNormal3f = NULL;
        -:  846:PFNGLNORMAL3FVPROC glad_glNormal3fv = NULL;
        -:  847:PFNGLNORMAL3IPROC glad_glNormal3i = NULL;
        -:  848:PFNGLNORMAL3IVPROC glad_glNormal3iv = NULL;
        -:  849:PFNGLNORMAL3SPROC glad_glNormal3s = NULL;
        -:  850:PFNGLNORMAL3SVPROC glad_glNormal3sv = NULL;
        -:  851:PFNGLNORMALP3UIPROC glad_glNormalP3ui = NULL;
        -:  852:PFNGLNORMALP3UIVPROC glad_glNormalP3uiv = NULL;
        -:  853:PFNGLNORMALPOINTERPROC glad_glNormalPointer = NULL;
        -:  854:PFNGLOBJECTLABELPROC glad_glObjectLabel = NULL;
        -:  855:PFNGLOBJECTPTRLABELPROC glad_glObjectPtrLabel = NULL;
        -:  856:PFNGLORTHOPROC glad_glOrtho = NULL;
        -:  857:PFNGLPASSTHROUGHPROC glad_glPassThrough = NULL;
        -:  858:PFNGLPATCHPARAMETERFVPROC glad_glPatchParameterfv = NULL;
        -:  859:PFNGLPATCHPARAMETERIPROC glad_glPatchParameteri = NULL;
        -:  860:PFNGLPAUSETRANSFORMFEEDBACKPROC glad_glPauseTransformFeedback = NULL;
        -:  861:PFNGLPIXELMAPFVPROC glad_glPixelMapfv = NULL;
        -:  862:PFNGLPIXELMAPUIVPROC glad_glPixelMapuiv = NULL;
        -:  863:PFNGLPIXELMAPUSVPROC glad_glPixelMapusv = NULL;
        -:  864:PFNGLPIXELSTOREFPROC glad_glPixelStoref = NULL;
        -:  865:PFNGLPIXELSTOREIPROC glad_glPixelStorei = NULL;
        -:  866:PFNGLPIXELTRANSFERFPROC glad_glPixelTransferf = NULL;
        -:  867:PFNGLPIXELTRANSFERIPROC glad_glPixelTransferi = NULL;
        -:  868:PFNGLPIXELZOOMPROC glad_glPixelZoom = NULL;
        -:  869:PFNGLPOINTPARAMETERFPROC glad_glPointParameterf = NULL;
        -:  870:PFNGLPOINTPARAMETERFVPROC glad_glPointParameterfv = NULL;
        -:  871:PFNGLPOINTPARAMETERIPROC glad_glPointParameteri = NULL;
        -:  872:PFNGLPOINTPARAMETERIVPROC glad_glPointParameteriv = NULL;
        -:  873:PFNGLPOINTSIZEPROC glad_glPointSize = NULL;
        -:  874:PFNGLPOLYGONMODEPROC glad_glPolygonMode = NULL;
        -:  875:PFNGLPOLYGONOFFSETPROC glad_glPolygonOffset = NULL;
        -:  876:PFNGLPOLYGONOFFSETCLAMPPROC glad_glPolygonOffsetClamp = NULL;
        -:  877:PFNGLPOLYGONSTIPPLEPROC glad_glPolygonStipple = NULL;
        -:  878:PFNGLPOPATTRIBPROC glad_glPopAttrib = NULL;
        -:  879:PFNGLPOPCLIENTATTRIBPROC glad_glPopClientAttrib = NULL;
        -:  880:PFNGLPOPDEBUGGROUPPROC glad_glPopDebugGroup = NULL;
        -:  881:PFNGLPOPMATRIXPROC glad_glPopMatrix = NULL;
        -:  882:PFNGLPOPNAMEPROC glad_glPopName = NULL;
        -:  883:PFNGLPRIMITIVERESTARTINDEXPROC glad_glPrimitiveRestartIndex = NULL;
        -:  884:PFNGLPRIORITIZETEXTURESPROC glad_glPrioritizeTextures = NULL;
        -:  885:PFNGLPROGRAMBINARYPROC glad_glProgramBinary = NULL;
        -:  886:PFNGLPROGRAMPARAMETERIPROC glad_glProgramParameteri = NULL;
        -:  887:PFNGLPROGRAMUNIFORM1DPROC glad_glProgramUniform1d = NULL;
        -:  888:PFNGLPROGRAMUNIFORM1DVPROC glad_glProgramUniform1dv = NULL;
        -:  889:PFNGLPROGRAMUNIFORM1FPROC glad_glProgramUniform1f = NULL;
        -:  890:PFNGLPROGRAMUNIFORM1FVPROC glad_glProgramUniform1fv = NULL;
        -:  891:PFNGLPROGRAMUNIFORM1IPROC glad_glProgramUniform1i = NULL;
        -:  892:PFNGLPROGRAMUNIFORM1IVPROC glad_glProgramUniform1iv = NULL;
        -:  893:PFNGLPROGRAMUNIFORM1UIPROC glad_glProgramUniform1ui = NULL;
        -:  894:PFNGLPROGRAMUNIFORM1UIVPROC glad_glProgramUniform1uiv = NULL;
        -:  895:PFNGLPROGRAMUNIFORM2DPROC glad_glProgramUniform2d = NULL;
        -:  896:PFNGLPROGRAMUNIFORM2DVPROC glad_glProgramUniform2dv = NULL;
        -:  897:PFNGLPROGRAMUNIFORM2FPROC glad_glProgramUniform2f = NULL;
        -:  898:PFNGLPROGRAMUNIFORM2FVPROC glad_glProgramUniform2fv = NULL;
        -:  899:PFNGLPROGRAMUNIFORM2IPROC glad_glProgramUniform2i = NULL;
        -:  900:PFNGLPROGRAMUNIFORM2IVPROC glad_glProgramUniform2iv = NULL;
        -:  901:PFNGLPROGRAMUNIFORM2UIPROC glad_glProgramUniform2ui = NULL;
        -:  902:PFNGLPROGRAMUNIFORM2UIVPROC glad_glProgramUniform2uiv = NULL;
        -:  903:PFNGLPROGRAMUNIFORM3DPROC glad_glProgramUniform3d = NULL;
        -:  904:PFNGLPROGRAMUNIFORM3DVPROC glad_glProgramUniform3dv = NULL;
        -:  905:PFNGLPROGRAMUNIFORM3FPROC glad_glProgramUniform3f = NULL;
        -:  906:PFNGLPROGRAMUNIFORM3FVPROC glad_glProgramUniform3fv = NULL;
        -:  907:PFNGLPROGRAMUNIFORM3IPROC glad_glProgramUniform3i = NULL;
        -:  908:PFNGLPROGRAMUNIFORM3IVPROC glad_glProgramUniform3iv = NULL;
        -:  909:PFNGLPROGRAMUNIFORM3UIPROC glad_glProgramUniform3ui = NULL;
        -:  910:PFNGLPROGRAMUNIFORM3UIVPROC glad_glProgramUniform3uiv = NULL;
        -:  911:PFNGLPROGRAMUNIFORM4DPROC glad_glProgramUniform4d = NULL;
        -:  912:PFNGLPROGRAMUNIFORM4DVPROC glad_glProgramUniform4dv = NULL;
        -:  913:PFNGLPROGRAMUNIFORM4FPROC glad_glProgramUniform4f = NULL;
        -:  914:PFNGLPROGRAMUNIFORM4FVPROC glad_glProgramUniform4fv = NULL;
        -:  915:PFNGLPROGRAMUNIFORM4IPROC glad_glProgramUniform4i = NULL;
        -:  916:PFNGLPROGRAMUNIFORM4IVPROC glad_glProgramUniform4iv = NULL;
        -:  917:PFNGLPROGRAMUNIFORM4UIPROC glad_glProgramUniform4ui = NULL;
        -:  918:PFNGLPROGRAMUNIFORM4UIVPROC glad_glProgramUniform4uiv = NULL;
        -:  919:PFNGLPROGRAMUNIFORMMATRIX2DVPROC glad_glProgramUniformMatrix2dv = NULL;
        -:  920:PFNGLPROGRAMUNIFORMMATRIX2FVPROC glad_glProgramUniformMatrix2fv = NULL;
        -:  921:PFNGLPROGRAMUNIFORMMATRIX2X3DVPROC glad_glProgramUniformMatrix2x3dv = NULL;
        -:  922:PFNGLPROGRAMUNIFORMMATRIX2X3FVPROC glad_glProgramUniformMatrix2x3fv = NULL;
        -:  923:PFNGLPROGRAMUNIFORMMATRIX2X4DVPROC glad_glProgramUniformMatrix2x4dv = NULL;
        -:  924:PFNGLPROGRAMUNIFORMMATRIX2X4FVPROC glad_glProgramUniformMatrix2x4fv = NULL;
        -:  925:PFNGLPROGRAMUNIFORMMATRIX3DVPROC glad_glProgramUniformMatrix3dv = NULL;
        -:  926:PFNGLPROGRAMUNIFORMMATRIX3FVPROC glad_glProgramUniformMatrix3fv = NULL;
        -:  927:PFNGLPROGRAMUNIFORMMATRIX3X2DVPROC glad_glProgramUniformMatrix3x2dv = NULL;
        -:  928:PFNGLPROGRAMUNIFORMMATRIX3X2FVPROC glad_glProgramUniformMatrix3x2fv = NULL;
        -:  929:PFNGLPROGRAMUNIFORMMATRIX3X4DVPROC glad_glProgramUniformMatrix3x4dv = NULL;
        -:  930:PFNGLPROGRAMUNIFORMMATRIX3X4FVPROC glad_glProgramUniformMatrix3x4fv = NULL;
        -:  931:PFNGLPROGRAMUNIFORMMATRIX4DVPROC glad_glProgramUniformMatrix4dv = NULL;
        -:  932:PFNGLPROGRAMUNIFORMMATRIX4FVPROC glad_glProgramUniformMatrix4fv = NULL;
        -:  933:PFNGLPROGRAMUNIFORMMATRIX4X2DVPROC glad_glProgramUniformMatrix4x2dv = NULL;
        -:  934:PFNGLPROGRAMUNIFORMMATRIX4X2FVPROC glad_glProgramUniformMatrix4x2fv = NULL;
        -:  935:PFNGLPROGRAMUNIFORMMATRIX4X3DVPROC glad_glProgramUniformMatrix4x3dv = NULL;
        -:  936:PFNGLPROGRAMUNIFORMMATRIX4X3FVPROC glad_glProgramUniformMatrix4x3fv = NULL;
        -:  937:PFNGLPROVOKINGVERTEXPROC glad_glProvokingVertex = NULL;
        -:  938:PFNGLPUSHATTRIBPROC glad_glPushAttrib = NULL;
        -:  939:PFNGLPUSHCLIENTATTRIBPROC glad_glPushClientAttrib = NULL;
        -:  940:PFNGLPUSHDEBUGGROUPPROC glad_glPushDebugGroup = NULL;
        -:  941:PFNGLPUSHMATRIXPROC glad_glPushMatrix = NULL;
        -:  942:PFNGLPUSHNAMEPROC glad_glPushName = NULL;
        -:  943:PFNGLQUERYCOUNTERPROC glad_glQueryCounter = NULL;
        -:  944:PFNGLRASTERPOS2DPROC glad_glRasterPos2d = NULL;
        -:  945:PFNGLRASTERPOS2DVPROC glad_glRasterPos2dv = NULL;
        -:  946:PFNGLRASTERPOS2FPROC glad_glRasterPos2f = NULL;
        -:  947:PFNGLRASTERPOS2FVPROC glad_glRasterPos2fv = NULL;
        -:  948:PFNGLRASTERPOS2IPROC glad_glRasterPos2i = NULL;
        -:  949:PFNGLRASTERPOS2IVPROC glad_glRasterPos2iv = NULL;
        -:  950:PFNGLRASTERPOS2SPROC glad_glRasterPos2s = NULL;
        -:  951:PFNGLRASTERPOS2SVPROC glad_glRasterPos2sv = NULL;
        -:  952:PFNGLRASTERPOS3DPROC glad_glRasterPos3d = NULL;
        -:  953:PFNGLRASTERPOS3DVPROC glad_glRasterPos3dv = NULL;
        -:  954:PFNGLRASTERPOS3FPROC glad_glRasterPos3f = NULL;
        -:  955:PFNGLRASTERPOS3FVPROC glad_glRasterPos3fv = NULL;
        -:  956:PFNGLRASTERPOS3IPROC glad_glRasterPos3i = NULL;
        -:  957:PFNGLRASTERPOS3IVPROC glad_glRasterPos3iv = NULL;
        -:  958:PFNGLRASTERPOS3SPROC glad_glRasterPos3s = NULL;
        -:  959:PFNGLRASTERPOS3SVPROC glad_glRasterPos3sv = NULL;
        -:  960:PFNGLRASTERPOS4DPROC glad_glRasterPos4d = NULL;
        -:  961:PFNGLRASTERPOS4DVPROC glad_glRasterPos4dv = NULL;
        -:  962:PFNGLRASTERPOS4FPROC glad_glRasterPos4f = NULL;
        -:  963:PFNGLRASTERPOS4FVPROC glad_glRasterPos4fv = NULL;
        -:  964:PFNGLRASTERPOS4IPROC glad_glRasterPos4i = NULL;
        -:  965:PFNGLRASTERPOS4IVPROC glad_glRasterPos4iv = NULL;
        -:  966:PFNGLRASTERPOS4SPROC glad_glRasterPos4s = NULL;
        -:  967:PFNGLRASTERPOS4SVPROC glad_glRasterPos4sv = NULL;
        -:  968:PFNGLREADBUFFERPROC glad_glReadBuffer = NULL;
        -:  969:PFNGLREADPIXELSPROC glad_glReadPixels = NULL;
        -:  970:PFNGLREADNPIXELSPROC glad_glReadnPixels = NULL;
        -:  971:PFNGLRECTDPROC glad_glRectd = NULL;
        -:  972:PFNGLRECTDVPROC glad_glRectdv = NULL;
        -:  973:PFNGLRECTFPROC glad_glRectf = NULL;
        -:  974:PFNGLRECTFVPROC glad_glRectfv = NULL;
        -:  975:PFNGLRECTIPROC glad_glRecti = NULL;
        -:  976:PFNGLRECTIVPROC glad_glRectiv = NULL;
        -:  977:PFNGLRECTSPROC glad_glRects = NULL;
        -:  978:PFNGLRECTSVPROC glad_glRectsv = NULL;
        -:  979:PFNGLRELEASESHADERCOMPILERPROC glad_glReleaseShaderCompiler = NULL;
        -:  980:PFNGLRENDERMODEPROC glad_glRenderMode = NULL;
        -:  981:PFNGLRENDERBUFFERSTORAGEPROC glad_glRenderbufferStorage = NULL;
        -:  982:PFNGLRENDERBUFFERSTORAGEMULTISAMPLEPROC glad_glRenderbufferStorageMultisample = NULL;
        -:  983:PFNGLRESUMETRANSFORMFEEDBACKPROC glad_glResumeTransformFeedback = NULL;
        -:  984:PFNGLROTATEDPROC glad_glRotated = NULL;
        -:  985:PFNGLROTATEFPROC glad_glRotatef = NULL;
        -:  986:PFNGLSAMPLECOVERAGEPROC glad_glSampleCoverage = NULL;
        -:  987:PFNGLSAMPLEMASKIPROC glad_glSampleMaski = NULL;
        -:  988:PFNGLSAMPLERPARAMETERIIVPROC glad_glSamplerParameterIiv = NULL;
        -:  989:PFNGLSAMPLERPARAMETERIUIVPROC glad_glSamplerParameterIuiv = NULL;
        -:  990:PFNGLSAMPLERPARAMETERFPROC glad_glSamplerParameterf = NULL;
        -:  991:PFNGLSAMPLERPARAMETERFVPROC glad_glSamplerParameterfv = NULL;
        -:  992:PFNGLSAMPLERPARAMETERIPROC glad_glSamplerParameteri = NULL;
        -:  993:PFNGLSAMPLERPARAMETERIVPROC glad_glSamplerParameteriv = NULL;
        -:  994:PFNGLSCALEDPROC glad_glScaled = NULL;
        -:  995:PFNGLSCALEFPROC glad_glScalef = NULL;
        -:  996:PFNGLSCISSORPROC glad_glScissor = NULL;
        -:  997:PFNGLSCISSORARRAYVPROC glad_glScissorArrayv = NULL;
        -:  998:PFNGLSCISSORINDEXEDPROC glad_glScissorIndexed = NULL;
        -:  999:PFNGLSCISSORINDEXEDVPROC glad_glScissorIndexedv = NULL;
        -: 1000:PFNGLSECONDARYCOLOR3BPROC glad_glSecondaryColor3b = NULL;
        -: 1001:PFNGLSECONDARYCOLOR3BVPROC glad_glSecondaryColor3bv = NULL;
        -: 1002:PFNGLSECONDARYCOLOR3DPROC glad_glSecondaryColor3d = NULL;
        -: 1003:PFNGLSECONDARYCOLOR3DVPROC glad_glSecondaryColor3dv = NULL;
        -: 1004:PFNGLSECONDARYCOLOR3FPROC glad_glSecondaryColor3f = NULL;
        -: 1005:PFNGLSECONDARYCOLOR3FVPROC glad_glSecondaryColor3fv = NULL;
        -: 1006:PFNGLSECONDARYCOLOR3IPROC glad_glSecondaryColor3i = NULL;
        -: 1007:PFNGLSECONDARYCOLOR3IVPROC glad_glSecondaryColor3iv = NULL;
        -: 1008:PFNGLSECONDARYCOLOR3SPROC glad_glSecondaryColor3s = NULL;
        -: 1009:PFNGLSECONDARYCOLOR3SVPROC glad_glSecondaryColor3sv = NULL;
        -: 1010:PFNGLSECONDARYCOLOR3UBPROC glad_glSecondaryColor3ub = NULL;
        -: 1011:PFNGLSECONDARYCOLOR3UBVPROC glad_glSecondaryColor3ubv = NULL;
        -: 1012:PFNGLSECONDARYCOLOR3UIPROC glad_glSecondaryColor3ui = NULL;
        -: 1013:PFNGLSECONDARYCOLOR3UIVPROC glad_glSecondaryColor3uiv = NULL;
        -: 1014:PFNGLSECONDARYCOLOR3USPROC glad_glSecondaryColor3us = NULL;
        -: 1015:PFNGLSECONDARYCOLOR3USVPROC glad_glSecondaryColor3usv = NULL;
        -: 1016:PFNGLSECONDARYCOLORP3UIPROC glad_glSecondaryColorP3ui = NULL;
        -: 1017:PFNGLSECONDARYCOLORP3UIVPROC glad_glSecondaryColorP3uiv = NULL;
        -: 1018:PFNGLSECONDARYCOLORPOINTERPROC glad_glSecondaryColorPointer = NULL;
        -: 1019:PFNGLSELECTBUFFERPROC glad_glSelectBuffer = NULL;
        -: 1020:PFNGLSHADEMODELPROC glad_glShadeModel = NULL;
        -: 1021:PFNGLSHADERBINARYPROC glad_glShaderBinary = NULL;
        -: 1022:PFNGLSHADERSOURCEPROC glad_glShaderSource = NULL;
        -: 1023:PFNGLSHADERSTORAGEBLOCKBINDINGPROC glad_glShaderStorageBlockBinding = NULL;
        -: 1024:PFNGLSPECIALIZESHADERPROC glad_glSpecializeShader = NULL;
        -: 1025:PFNGLSTENCILFUNCPROC glad_glStencilFunc = NULL;
        -: 1026:PFNGLSTENCILFUNCSEPARATEPROC glad_glStencilFuncSeparate = NULL;
        -: 1027:PFNGLSTENCILMASKPROC glad_glStencilMask = NULL;
        -: 1028:PFNGLSTENCILMASKSEPARATEPROC glad_glStencilMaskSeparate = NULL;
        -: 1029:PFNGLSTENCILOPPROC glad_glStencilOp = NULL;
        -: 1030:PFNGLSTENCILOPSEPARATEPROC glad_glStencilOpSeparate = NULL;
        -: 1031:PFNGLTEXBUFFERPROC glad_glTexBuffer = NULL;
        -: 1032:PFNGLTEXBUFFERRANGEPROC glad_glTexBufferRange = NULL;
        -: 1033:PFNGLTEXCOORD1DPROC glad_glTexCoord1d = NULL;
        -: 1034:PFNGLTEXCOORD1DVPROC glad_glTexCoord1dv = NULL;
        -: 1035:PFNGLTEXCOORD1FPROC glad_glTexCoord1f = NULL;
        -: 1036:PFNGLTEXCOORD1FVPROC glad_glTexCoord1fv = NULL;
        -: 1037:PFNGLTEXCOORD1IPROC glad_glTexCoord1i = NULL;
        -: 1038:PFNGLTEXCOORD1IVPROC glad_glTexCoord1iv = NULL;
        -: 1039:PFNGLTEXCOORD1SPROC glad_glTexCoord1s = NULL;
        -: 1040:PFNGLTEXCOORD1SVPROC glad_glTexCoord1sv = NULL;
        -: 1041:PFNGLTEXCOORD2DPROC glad_glTexCoord2d = NULL;
        -: 1042:PFNGLTEXCOORD2DVPROC glad_glTexCoord2dv = NULL;
        -: 1043:PFNGLTEXCOORD2FPROC glad_glTexCoord2f = NULL;
        -: 1044:PFNGLTEXCOORD2FVPROC glad_glTexCoord2fv = NULL;
        -: 1045:PFNGLTEXCOORD2IPROC glad_glTexCoord2i = NULL;
        -: 1046:PFNGLTEXCOORD2IVPROC glad_glTexCoord2iv = NULL;
        -: 1047:PFNGLTEXCOORD2SPROC glad_glTexCoord2s = NULL;
        -: 1048:PFNGLTEXCOORD2SVPROC glad_glTexCoord2sv = NULL;
        -: 1049:PFNGLTEXCOORD3DPROC glad_glTexCoord3d = NULL;
        -: 1050:PFNGLTEXCOORD3DVPROC glad_glTexCoord3dv = NULL;
        -: 1051:PFNGLTEXCOORD3FPROC glad_glTexCoord3f = NULL;
        -: 1052:PFNGLTEXCOORD3FVPROC glad_glTexCoord3fv = NULL;
        -: 1053:PFNGLTEXCOORD3IPROC glad_glTexCoord3i = NULL;
        -: 1054:PFNGLTEXCOORD3IVPROC glad_glTexCoord3iv = NULL;
        -: 1055:PFNGLTEXCOORD3SPROC glad_glTexCoord3s = NULL;
        -: 1056:PFNGLTEXCOORD3SVPROC glad_glTexCoord3sv = NULL;
        -: 1057:PFNGLTEXCOORD4DPROC glad_glTexCoord4d = NULL;
        -: 1058:PFNGLTEXCOORD4DVPROC glad_glTexCoord4dv = NULL;
        -: 1059:PFNGLTEXCOORD4FPROC glad_glTexCoord4f = NULL;
        -: 1060:PFNGLTEXCOORD4FVPROC glad_glTexCoord4fv = NULL;
        -: 1061:PFNGLTEXCOORD4IPROC glad_glTexCoord4i = NULL;
        -: 1062:PFNGLTEXCOORD4IVPROC glad_glTexCoord4iv = NULL;
        -: 1063:PFNGLTEXCOORD4SPROC glad_glTexCoord4s = NULL;
        -: 1064:PFNGLTEXCOORD4SVPROC glad_glTexCoord4sv = NULL;
        -: 1065:PFNGLTEXCOORDP1UIPROC glad_glTexCoordP1ui = NULL;
        -: 1066:PFNGLTEXCOORDP1UIVPROC glad_glTexCoordP1uiv = NULL;
        -: 1067:PFNGLTEXCOORDP2UIPROC glad_glTexCoordP2ui = NULL;
        -: 1068:PFNGLTEXCOORDP2UIVPROC glad_glTexCoordP2uiv = NULL;
        -: 1069:PFNGLTEXCOORDP3UIPROC glad_glTexCoordP3ui = NULL;
        -: 1070:PFNGLTEXCOORDP3UIVPROC glad_glTexCoordP3uiv = NULL;
        -: 1071:PFNGLTEXCOORDP4UIPROC glad_glTexCoordP4ui = NULL;
        -: 1072:PFNGLTEXCOORDP4UIVPROC glad_glTexCoordP4uiv = NULL;
        -: 1073:PFNGLTEXCOORDPOINTERPROC glad_glTexCoordPointer = NULL;
        -: 1074:PFNGLTEXENVFPROC glad_glTexEnvf = NULL;
        -: 1075:PFNGLTEXENVFVPROC glad_glTexEnvfv = NULL;
        -: 1076:PFNGLTEXENVIPROC glad_glTexEnvi = NULL;
        -: 1077:PFNGLTEXENVIVPROC glad_glTexEnviv = NULL;
        -: 1078:PFNGLTEXGENDPROC glad_glTexGend = NULL;
        -: 1079:PFNGLTEXGENDVPROC glad_glTexGendv = NULL;
        -: 1080:PFNGLTEXGENFPROC glad_glTexGenf = NULL;
        -: 1081:PFNGLTEXGENFVPROC glad_glTexGenfv = NULL;
        -: 1082:PFNGLTEXGENIPROC glad_glTexGeni = NULL;
        -: 1083:PFNGLTEXGENIVPROC glad_glTexGeniv = NULL;
        -: 1084:PFNGLTEXIMAGE1DPROC glad_glTexImage1D = NULL;
        -: 1085:PFNGLTEXIMAGE2DPROC glad_glTexImage2D = NULL;
        -: 1086:PFNGLTEXIMAGE2DMULTISAMPLEPROC glad_glTexImage2DMultisample = NULL;
        -: 1087:PFNGLTEXIMAGE3DPROC glad_glTexImage3D = NULL;
        -: 1088:PFNGLTEXIMAGE3DMULTISAMPLEPROC glad_glTexImage3DMultisample = NULL;
        -: 1089:PFNGLTEXPARAMETERIIVPROC glad_glTexParameterIiv = NULL;
        -: 1090:PFNGLTEXPARAMETERIUIVPROC glad_glTexParameterIuiv = NULL;
        -: 1091:PFNGLTEXPARAMETERFPROC glad_glTexParameterf = NULL;
        -: 1092:PFNGLTEXPARAMETERFVPROC glad_glTexParameterfv = NULL;
        -: 1093:PFNGLTEXPARAMETERIPROC glad_glTexParameteri = NULL;
        -: 1094:PFNGLTEXPARAMETERIVPROC glad_glTexParameteriv = NULL;
        -: 1095:PFNGLTEXSTORAGE1DPROC glad_glTexStorage1D = NULL;
        -: 1096:PFNGLTEXSTORAGE2DPROC glad_glTexStorage2D = NULL;
        -: 1097:PFNGLTEXSTORAGE2DMULTISAMPLEPROC glad_glTexStorage2DMultisample = NULL;
        -: 1098:PFNGLTEXSTORAGE3DPROC glad_glTexStorage3D = NULL;
        -: 1099:PFNGLTEXSTORAGE3DMULTISAMPLEPROC glad_glTexStorage3DMultisample = NULL;
        -: 1100:PFNGLTEXSUBIMAGE1DPROC glad_glTexSubImage1D = NULL;
        -: 1101:PFNGLTEXSUBIMAGE2DPROC glad_glTexSubImage2D = NULL;
        -: 1102:PFNGLTEXSUBIMAGE3DPROC glad_glTexSubImage3D = NULL;
        -: 1103:PFNGLTEXTUREBARRIERPROC glad_glTextureBarrier = NULL;
        -: 1104:PFNGLTEXTUREBUFFERPROC glad_glTextureBuffer = NULL;
        -: 1105:PFNGLTEXTUREBUFFERRANGEPROC glad_glTextureBufferRange = NULL;
        -: 1106:PFNGLTEXTUREPARAMETERIIVPROC glad_glTextureParameterIiv = NULL;
        -: 1107:PFNGLTEXTUREPARAMETERIUIVPROC glad_glTextureParameterIuiv = NULL;
        -: 1108:PFNGLTEXTUREPARAMETERFPROC glad_glTextureParameterf = NULL;
        -: 1109:PFNGLTEXTUREPARAMETERFVPROC glad_glTextureParameterfv = NULL;
        -: 1110:PFNGLTEXTUREPARAMETERIPROC glad_glTextureParameteri = NULL;
        -: 1111:PFNGLTEXTUREPARAMETERIVPROC glad_glTextureParameteriv = NULL;
        -: 1112:PFNGLTEXTURESTORAGE1DPROC glad_glTextureStorage1D = NULL;
        -: 1113:PFNGLTEXTURESTORAGE2DPROC glad_glTextureStorage2D = NULL;
        -: 1114:PFNGLTEXTURESTORAGE2DMULTISAMPLEPROC glad_glTextureStorage2DMultisample = NULL;
        -: 1115:PFNGLTEXTURESTORAGE3DPROC glad_glTextureStorage3D = NULL;
        -: 1116:PFNGLTEXTURESTORAGE3DMULTISAMPLEPROC glad_glTextureStorage3DMultisample = NULL;
        -: 1117:PFNGLTEXTURESUBIMAGE1DPROC glad_glTextureSubImage1D = NULL;
        -: 1118:PFNGLTEXTURESUBIMAGE2DPROC glad_glTextureSubImage2D = NULL;
        -: 1119:PFNGLTEXTURESUBIMAGE3DPROC glad_glTextureSubImage3D = NULL;
        -: 1120:PFNGLTEXTUREVIEWPROC glad_glTextureView = NULL;
        -: 1121:PFNGLTRANSFORMFEEDBACKBUFFERBASEPROC glad_glTransformFeedbackBufferBase = NULL;
        -: 1122:PFNGLTRANSFORMFEEDBACKBUFFERRANGEPROC glad_glTransformFeedbackBufferRange = NULL;
        -: 1123:PFNGLTRANSFORMFEEDBACKVARYINGSPROC glad_glTransformFeedbackVaryings = NULL;
        -: 1124:PFNGLTRANSLATEDPROC glad_glTranslated = NULL;
        -: 1125:PFNGLTRANSLATEFPROC glad_glTranslatef = NULL;
        -: 1126:PFNGLUNIFORM1DPROC glad_glUniform1d = NULL;
        -: 1127:PFNGLUNIFORM1DVPROC glad_glUniform1dv = NULL;
        -: 1128:PFNGLUNIFORM1FPROC glad_glUniform1f = NULL;
        -: 1129:PFNGLUNIFORM1FVPROC glad_glUniform1fv = NULL;
        -: 1130:PFNGLUNIFORM1IPROC glad_glUniform1i = NULL;
        -: 1131:PFNGLUNIFORM1IVPROC glad_glUniform1iv = NULL;
        -: 1132:PFNGLUNIFORM1UIPROC glad_glUniform1ui = NULL;
        -: 1133:PFNGLUNIFORM1UIVPROC glad_glUniform1uiv = NULL;
        -: 1134:PFNGLUNIFORM2DPROC glad_glUniform2d = NULL;
        -: 1135:PFNGLUNIFORM2DVPROC glad_glUniform2dv = NULL;
        -: 1136:PFNGLUNIFORM2FPROC glad_glUniform2f = NULL;
        -: 1137:PFNGLUNIFORM2FVPROC glad_glUniform2fv = NULL;
        -: 1138:PFNGLUNIFORM2IPROC glad_glUniform2i = NULL;
        -: 1139:PFNGLUNIFORM2IVPROC glad_glUniform2iv = NULL;
        -: 1140:PFNGLUNIFORM2UIPROC glad_glUniform2ui = NULL;
        -: 1141:PFNGLUNIFORM2UIVPROC glad_glUniform2uiv = NULL;
        -: 1142:PFNGLUNIFORM3DPROC glad_glUniform3d = NULL;
        -: 1143:PFNGLUNIFORM3DVPROC glad_glUniform3dv = NULL;
        -: 1144:PFNGLUNIFORM3FPROC glad_glUniform3f = NULL;
        -: 1145:PFNGLUNIFORM3FVPROC glad_glUniform3fv = NULL;
        -: 1146:PFNGLUNIFORM3IPROC glad_glUniform3i = NULL;
        -: 1147:PFNGLUNIFORM3IVPROC glad_glUniform3iv = NULL;
        -: 1148:PFNGLUNIFORM3UIPROC glad_glUniform3ui = NULL;
        -: 1149:PFNGLUNIFORM3UIVPROC glad_glUniform3uiv = NULL;
        -: 1150:PFNGLUNIFORM4DPROC glad_glUniform4d = NULL;
        -: 1151:PFNGLUNIFORM4DVPROC glad_glUniform4dv = NULL;
        -: 1152:PFNGLUNIFORM4FPROC glad_glUniform4f = NULL;
        -: 1153:PFNGLUNIFORM4FVPROC glad_glUniform4fv = NULL;
        -: 1154:PFNGLUNIFORM4IPROC glad_glUniform4i = NULL;
        -: 1155:PFNGLUNIFORM4IVPROC glad_glUniform4iv = NULL;
        -: 1156:PFNGLUNIFORM4UIPROC glad_glUniform4ui = NULL;
        -: 1157:PFNGLUNIFORM4UIVPROC glad_glUniform4uiv = NULL;
        -: 1158:PFNGLUNIFORMBLOCKBINDINGPROC glad_glUniformBlockBinding = NULL;
        -: 1159:PFNGLUNIFORMMATRIX2DVPROC glad_glUniformMatrix2dv = NULL;
        -: 1160:PFNGLUNIFORMMATRIX2FVPROC glad_glUniformMatrix2fv = NULL;
        -: 1161:PFNGLUNIFORMMATRIX2X3DVPROC glad_glUniformMatrix2x3dv = NULL;
        -: 1162:PFNGLUNIFORMMATRIX2X3FVPROC glad_glUniformMatrix2x3fv = NULL;
        -: 1163:PFNGLUNIFORMMATRIX2X4DVPROC glad_glUniformMatrix2x4dv = NULL;
        -: 1164:PFNGLUNIFORMMATRIX2X4FVPROC glad_glUniformMatrix2x4fv = NULL;
        -: 1165:PFNGLUNIFORMMATRIX3DVPROC glad_glUniformMatrix3dv = NULL;
        -: 1166:PFNGLUNIFORMMATRIX3FVPROC glad_glUniformMatrix3fv = NULL;
        -: 1167:PFNGLUNIFORMMATRIX3X2DVPROC glad_glUniformMatrix3x2dv = NULL;
        -: 1168:PFNGLUNIFORMMATRIX3X2FVPROC glad_glUniformMatrix3x2fv = NULL;
        -: 1169:PFNGLUNIFORMMATRIX3X4DVPROC glad_glUniformMatrix3x4dv = NULL;
        -: 1170:PFNGLUNIFORMMATRIX3X4FVPROC glad_glUniformMatrix3x4fv = NULL;
        -: 1171:PFNGLUNIFORMMATRIX4DVPROC glad_glUniformMatrix4dv = NULL;
        -: 1172:PFNGLUNIFORMMATRIX4FVPROC glad_glUniformMatrix4fv = NULL;
        -: 1173:PFNGLUNIFORMMATRIX4X2DVPROC glad_glUniformMatrix4x2dv = NULL;
        -: 1174:PFNGLUNIFORMMATRIX4X2FVPROC glad_glUniformMatrix4x2fv = NULL;
        -: 1175:PFNGLUNIFORMMATRIX4X3DVPROC glad_glUniformMatrix4x3dv = NULL;
        -: 1176:PFNGLUNIFORMMATRIX4X3FVPROC glad_glUniformMatrix4x3fv = NULL;
        -: 1177:PFNGLUNIFORMSUBROUTINESUIVPROC glad_glUniformSubroutinesuiv = NULL;
        -: 1178:PFNGLUNMAPBUFFERPROC glad_glUnmapBuffer = NULL;
        -: 1179:PFNGLUNMAPNAMEDBUFFERPROC glad_glUnmapNamedBuffer = NULL;
        -: 1180:PFNGLUSEPROGRAMPROC glad_glUseProgram = NULL;
        -: 1181:PFNGLUSEPROGRAMSTAGESPROC glad_glUseProgramStages = NULL;
        -: 1182:PFNGLVALIDATEPROGRAMPROC glad_glValidateProgram = NULL;
        -: 1183:PFNGLVALIDATEPROGRAMPIPELINEPROC glad_glValidateProgramPipeline = NULL;
[...]
call    0 returned 1
        1: 2372:	glad_glGenerateTextureMipmap = (PFNGLGENERATETEXTUREMIPMAPPROC)load("glGenerateTextureMipmap");
call    0 returned 1
        1: 2373:	glad_glBindTextureUnit = (PFNGLBINDTEXTUREUNITPROC)load("glBindTextureUnit");
call    0 returned 1
        1: 2374:	glad_glGetTextureImage = (PFNGLGETTEXTUREIMAGEPROC)load("glGetTextureImage");
call    0 returned 1
        1: 2375:	glad_glGetCompressedTextureImage = (PFNGLGETCOMPRESSEDTEXTUREIMAGEPROC)load("glGetCompressedTextureImage");
call    0 returned 1
        1: 2376:	glad_glGetTextureLevelParameterfv = (PFNGLGETTEXTURELEVELPARAMETERFVPROC)load("glGetTextureLevelParameterfv");
call    0 returned 1
        1: 2377:	glad_glGetTextureLevelParameteriv = (PFNGLGETTEXTURELEVELPARAMETERIVPROC)load("glGetTextureLevelParameteriv");
call    0 returned 1
        1: 2378:	glad_glGetTextureParameterfv = (PFNGLGETTEXTUREPARAMETERFVPROC)load("glGetTextureParameterfv");
call    0 returned 1
        1: 2379:	glad_glGetTextureParameterIiv = (PFNGLGETTEXTUREPARAMETERIIVPROC)load("glGetTextureParameterIiv");
call    0 returned 1
        1: 2380:	glad_glGetTextureParameterIuiv = (PFNGLGETTEXTUREPARAMETERIUIVPROC)load("glGetTextureParameterIuiv");
call    0 returned 1
        1: 2381:	glad_glGetTextureParameteriv = (PFNGLGETTEXTUREPARAMETERIVPROC)load("glGetTextureParameteriv");
call    0 returned 1
        1: 2382:	glad_glCreateVertexArrays = (PFNGLCREATEVERTEXARRAYSPROC)load("glCreateVertexArrays");
call    0 returned 1
        1: 2383:	glad_glDisableVertexArrayAttrib = (PFNGLDISABLEVERTEXARRAYATTRIBPROC)load("glDisableVertexArrayAttrib");
call    0 returned 1
        1: 2384:	glad_glEnableVertexArrayAttrib = (PFNGLENABLEVERTEXARRAYATTRIBPROC)load("glEnableVertexArrayAttrib");
call    0 returned 1
        1: 2385:	glad_glVertexArrayElementBuffer = (PFNGLVERTEXARRAYELEMENTBUFFERPROC)load("glVertexArrayElementBuffer");
call    0 returned 1
        1: 2386:	glad_glVertexArrayVertexBuffer = (PFNGLVERTEXARRAYVERTEXBUFFERPROC)load("glVertexArrayVertexBuffer");
call    0 returned 1
        1: 2387:	glad_glVertexArrayVertexBuffers = (PFNGLVERTEXARRAYVERTEXBUFFERSPROC)load("glVertexArrayVertexBuffers");
call    0 returned 1
        1: 2388:	glad_glVertexArrayAttribBinding = (PFNGLVERTEXARRAYATTRIBBINDINGPROC)load("glVertexArrayAttribBinding");
call    0 returned 1
        1: 2389:	glad_glVertexArrayAttribFormat = (PFNGLVERTEXARRAYATTRIBFORMATPROC)load("glVertexArrayAttribFormat");
call    0 returned 1
        1: 2390:	glad_glVertexArrayAttribIFormat = (PFNGLVERTEXARRAYATTRIBIFORMATPROC)load("glVertexArrayAttribIFormat");
call    0 returned 1
        1: 2391:	glad_glVertexArrayAttribLFormat = (PFNGLVERTEXARRAYATTRIBLFORMATPROC)load("glVertexArrayAttribLFormat");
call    0 returned 1
        1: 2392:	glad_glVertexArrayBindingDivisor = (PFNGLVERTEXARRAYBINDINGDIVISORPROC)load("glVertexArrayBindingDivisor");
call    0 returned 1
        1: 2393:	glad_glGetVertexArrayiv = (PFNGLGETVERTEXARRAYIVPROC)load("glGetVertexArrayiv");
call    0 returned 1
        1: 2394:	glad_glGetVertexArrayIndexediv = (PFNGLGETVERTEXARRAYINDEXEDIVPROC)load("glGetVertexArrayIndexediv");
call    0 returned 1
        1: 2395:	glad_glGetVertexArrayIndexed64iv = (PFNGLGETVERTEXARRAYINDEXED64IVPROC)load("glGetVertexArrayIndexed64iv");
call    0 returned 1
        1: 2396:	glad_glCreateSamplers = (PFNGLCREATESAMPLERSPROC)load("glCreateSamplers");
call    0 returned 1
        1: 2397:	glad_glCreateProgramPipelines = (PFNGLCREATEPROGRAMPIPELINESPROC)load("glCreateProgramPipelines");
call    0 returned 1
        1: 2398:	glad_glCreateQueries = (PFNGLCREATEQUERIESPROC)load("glCreateQueries");
call    0 returned 1
        1: 2399:	glad_glGetQueryBufferObjecti64v = (PFNGLGETQUERYBUFFEROBJECTI64VPROC)load("glGetQueryBufferObjecti64v");
call    0 returned 1
        1: 2400:	glad_glGetQueryBufferObjectiv = (PFNGLGETQUERYBUFFEROBJECTIVPROC)load("glGetQueryBufferObjectiv");
call    0 returned 1
        1: 2401:	glad_glGetQueryBufferObjectui64v = (PFNGLGETQUERYBUFFEROBJECTUI64VPROC)load("glGetQueryBufferObjectui64v");
call    0 returned 1
        1: 2402:	glad_glGetQueryBufferObjectuiv = (PFNGLGETQUERYBUFFEROBJECTUIVPROC)load("glGetQueryBufferObjectuiv");
call    0 returned 1
        1: 2403:	glad_glMemoryBarrierByRegion = (PFNGLMEMORYBARRIERBYREGIONPROC)load("glMemoryBarrierByRegion");
call    0 returned 1
        1: 2404:	glad_glGetTextureSubImage = (PFNGLGETTEXTURESUBIMAGEPROC)load("glGetTextureSubImage");
call    0 returned 1
        1: 2405:	glad_glGetCompressedTextureSubImage = (PFNGLGETCOMPRESSEDTEXTURESUBIMAGEPROC)load("glGetCompressedTextureSubImage");
call    0 returned 1
        1: 2406:	glad_glGetGraphicsResetStatus = (PFNGLGETGRAPHICSRESETSTATUSPROC)load("glGetGraphicsResetStatus");
call    0 returned 1
        1: 2407:	glad_glGetnCompressedTexImage = (PFNGLGETNCOMPRESSEDTEXIMAGEPROC)load("glGetnCompressedTexImage");
call    0 returned 1
        1: 2408:	glad_glGetnTexImage = (PFNGLGETNTEXIMAGEPROC)load("glGetnTexImage");
call    0 returned 1
        1: 2409:	glad_glGetnUniformdv = (PFNGLGETNUNIFORMDVPROC)load("glGetnUniformdv");
call    0 returned 1
        1: 2410:	glad_glGetnUniformfv = (PFNGLGETNUNIFORMFVPROC)load("glGetnUniformfv");
call    0 returned 1
        1: 2411:	glad_glGetnUniformiv = (PFNGLGETNUNIFORMIVPROC)load("glGetnUniformiv");
call    0 returned 1
        1: 2412:	glad_glGetnUniformuiv = (PFNGLGETNUNIFORMUIVPROC)load("glGetnUniformuiv");
call    0 returned 1
        1: 2413:	glad_glReadnPixels = (PFNGLREADNPIXELSPROC)load("glReadnPixels");
call    0 returned 1
        1: 2414:	glad_glGetnMapdv = (PFNGLGETNMAPDVPROC)load("glGetnMapdv");
call    0 returned 1
        1: 2415:	glad_glGetnMapfv = (PFNGLGETNMAPFVPROC)load("glGetnMapfv");
call    0 returned 1
        1: 2416:	glad_glGetnMapiv = (PFNGLGETNMAPIVPROC)load("glGetnMapiv");
call    0 returned 1
        1: 2417:	glad_glGetnPixelMapfv = (PFNGLGETNPIXELMAPFVPROC)load("glGetnPixelMapfv");
call    0 returned 1
        1: 2418:	glad_glGetnPixelMapuiv = (PFNGLGETNPIXELMAPUIVPROC)load("glGetnPixelMapuiv");
call    0 returned 1
        1: 2419:	glad_glGetnPixelMapusv = (PFNGLGETNPIXELMAPUSVPROC)load("glGetnPixelMapusv");
call    0 returned 1
        1: 2420:	glad_glGetnPolygonStipple = (PFNGLGETNPOLYGONSTIPPLEPROC)load("glGetnPolygonStipple");
call    0 returned 1
        1: 2421:	glad_glGetnColorTable = (PFNGLGETNCOLORTABLEPROC)load("glGetnColorTable");
call    0 returned 1
        1: 2422:	glad_glGetnConvolutionFilter = (PFNGLGETNCONVOLUTIONFILTERPROC)load("glGetnConvolutionFilter");
call    0 returned 1
        1: 2423:	glad_glGetnSeparableFilter = (PFNGLGETNSEPARABLEFILTERPROC)load("glGetnSeparableFilter");
call    0 returned 1
        1: 2424:	glad_glGetnHistogram = (PFNGLGETNHISTOGRAMPROC)load("glGetnHistogram");
call    0 returned 1
        1: 2425:	glad_glGetnMinmax = (PFNGLGETNMINMAXPROC)load("glGetnMinmax");
call    0 returned 1
        1: 2426:	glad_glTextureBarrier = (PFNGLTEXTUREBARRIERPROC)load("glTextureBarrier");
call    0 returned 1
        -: 2427:}
function load_GL_VERSION_4_6 called 1 returned 100% blocks executed 88%
        1: 2428:static void load_GL_VERSION_4_6(GLADloadproc load) {
       1*: 2429:	if(!GLAD_GL_VERSION_4_6) return;
        1: 2429-block  0
branch  0 taken 0 (fallthrough)
branch  1 taken 1
    %%%%%: 2429-block  1
        1: 2430:	glad_glSpecializeShader = (PFNGLSPECIALIZESHADERPROC)load("glSpecializeShader");
        1: 2430-block  0
call    0 returned 1
        1: 2431:	glad_glMultiDrawArraysIndirectCount = (PFNGLMULTIDRAWARRAYSINDIRECTCOUNTPROC)load("glMultiDrawArraysIndirectCount");
call    0 returned 1
        1: 2432:	glad_glMultiDrawElementsIndirectCount = (PFNGLMULTIDRAWELEMENTSINDIRECTCOUNTPROC)load("glMultiDrawElementsIndirectCount");
call    0 returned 1
        1: 2433:	glad_glPolygonOffsetClamp = (PFNGLPOLYGONOFFSETCLAMPPROC)load("glPolygonOffsetClamp");
call    0 returned 1
        -: 2434:}
function find_extensionsGL called 1 returned 100% blocks executed 83%
        1: 2435:static int find_extensionsGL(void) {
       1*: 2436:	if (!get_exts()) return 0;
        1: 2436-block  0
call    0 returned 1
branch  1 taken 0 (fallthrough)
branch  2 taken 1
    %%%%%: 2436-block  1
        -: 2437:	(void)&has_ext;
        1: 2438:	free_exts();
        1: 2438-block  0
call    0 returned 1
        1: 2439:	return 1;
        -: 2440:}
        -: 2441:
function find_coreGL called 1 returned 100% blocks executed 63%
        1: 2442:static void find_coreGL(void) {
        -: 2443:
        -: 2444:    /* Thank you @elmindreda
        -: 2445:     * https://github.com/elmindreda/greg/blob/master/templates/greg.c.in#L176
        -: 2446:     * https://github.com/glfw/glfw/blob/master/src/context.c#L36
        -: 2447:     */
        -: 2448:    int i, major, minor;
        -: 2449:
        -: 2450:    const char* version;
        1: 2451:    const char* prefixes[] = {
        -: 2452:        "OpenGL ES-CM ",
        -: 2453:        "OpenGL ES-CL ",
        -: 2454:        "OpenGL ES ",
        -: 2455:        NULL
        -: 2456:    };
        -: 2457:
        1: 2458:    version = (const char*) glGetString(GL_VERSION);
        1: 2458-block  0
call    0 returned 1
       1*: 2459:    if (!version) return;
branch  0 taken 0 (fallthrough)
branch  1 taken 1
    %%%%%: 2459-block  0
        -: 2460:
        4: 2461:    for (i = 0;  prefixes[i];  i++) {
        1: 2461-block  0
        3: 2461-block  1
        4: 2461-block  2
branch  0 taken 3
branch  1 taken 1 (fallthrough)
        3: 2462:        const size_t length = strlen(prefixes[i]);
        3: 2463:        if (strncmp(version, prefixes[i], length) == 0) {
        3: 2463-block  0
branch  0 taken 0 (fallthrough)
branch  1 taken 3
    #####: 2464:            version += length;
    #####: 2465:            break;
    %%%%%: 2465-block  0
        -: 2466:        }
        -: 2467:    }
        -: 2468:
        -: 2469:/* PR #18 */
        -: 2470:#ifdef _MSC_VER
        -: 2471:    sscanf_s(version, "%d.%d", &major, &minor);
        -: 2472:#else
        1: 2473:    sscanf(version, "%d.%d", &major, &minor);
        -: 2474:#endif
        -: 2475:
        1: 2476:    GLVersion.major = major; GLVersion.minor = minor;
        1: 2477:    max_loaded_major = major; max_loaded_minor = minor;
       1*: 2478:	GLAD_GL_VERSION_1_0 = (major == 1 && minor >= 0) || major > 1;
        1: 2478-block  0
branch  0 taken 0 (fallthrough)
branch  1 taken 1
    %%%%%: 2478-block  1
branch  2 never executed
branch  3 never executed
        1: 2478-block  2
branch  4 taken 1 (fallthrough)
branch  5 taken 0
        1: 2478-block  3
    %%%%%: 2478-block  4
       1*: 2479:	GLAD_GL_VERSION_1_1 = (major == 1 && minor >= 1) || major > 1;
        1: 2479-block  0
branch  0 taken 0 (fallthrough)
branch  1 taken 1
    %%%%%: 2479-block  1
branch  2 never executed
branch  3 never executed
        1: 2479-block  2
branch  4 taken 1 (fallthrough)
branch  5 taken 0
        1: 2479-block  3
    %%%%%: 2479-block  4
       1*: 2480:	GLAD_GL_VERSION_1_2 = (major == 1 && minor >= 2) || major > 1;
        1: 2480-block  0
branch  0 taken 0 (fallthrough)
branch  1 taken 1
    %%%%%: 2480-block  1
branch  2 never executed
branch  3 never executed
        1: 2480-block  2
branch  4 taken 1 (fallthrough)
branch  5 taken 0
        1: 2480-block  3
    %%%%%: 2480-block  4
       1*: 2481:	GLAD_GL_VERSION_1_3 = (major == 1 && minor >= 3) || major > 1;
        1: 2481-block  0
branch  0 taken 0 (fallthrough)
branch  1 taken 1
    %%%%%: 2481-block  1
branch  2 never executed
branch  3 never executed
        1: 2481-block  2
branch  4 taken 1 (fallthrough)
branch  5 taken 0
        1: 2481-block  3
    %%%%%: 2481-block  4
       1*: 2482:	GLAD_GL_VERSION_1_4 = (major == 1 && minor >= 4) || major > 1;
        1: 2482-block  0
branch  0 taken 0 (fallthrough)
branch  1 taken 1
    %%%%%: 2482-block  1
branch  2 never executed
branch  3 never executed
        1: 2482-block  2
branch  4 taken 1 (fallthrough)
branch  5 taken 0
        1: 2482-block  3
    %%%%%: 2482-block  4
       1*: 2483:	GLAD_GL_VERSION_1_5 = (major == 1 && minor >= 5) || major > 1;
        1: 2483-block  0
branch  0 taken 0 (fallthrough)
branch  1 taken 1
    %%%%%: 2483-block  1
branch  2 never executed
branch  3 never executed
        1: 2483-block  2
branch  4 taken 1 (fallthrough)
branch  5 taken 0
        1: 2483-block  3
    %%%%%: 2483-block  4
       1*: 2484:	GLAD_GL_VERSION_2_0 = (major == 2 && minor >= 0) || major > 2;
        1: 2484-block  0
branch  0 taken 0 (fallthrough)
branch  1 taken 1
    %%%%%: 2484-block  1
branch  2 never executed
branch  3 never executed
        1: 2484-block  2
branch  4 taken 1 (fallthrough)
branch  5 taken 0
        1: 2484-block  3
    %%%%%: 2484-block  4
       1*: 2485:	GLAD_GL_VERSION_2_1 = (major == 2 && minor >= 1) || major > 2;
        1: 2485-block  0
branch  0 taken 0 (fallthrough)
branch  1 taken 1
    %%%%%: 2485-block  1
branch  2 never executed
branch  3 never executed
        1: 2485-block  2
branch  4 taken 1 (fallthrough)
branch  5 taken 0
        1: 2485-block  3
    %%%%%: 2485-block  4
       1*: 2486:	GLAD_GL_VERSION_3_0 = (major == 3 && minor >= 0) || major > 3;
        1: 2486-block  0
branch  0 taken 0 (fallthrough)
branch  1 taken 1
    %%%%%: 2486-block  1
branch  2 never executed
branch  3 never executed
        1: 2486-block  2
branch  4 taken 1 (fallthrough)
branch  5 taken 0
        1: 2486-block  3
    %%%%%: 2486-block  4
       1*: 2487:	GLAD_GL_VERSION_3_1 = (major == 3 && minor >= 1) || major > 3;
        1: 2487-block  0
branch  0 taken 0 (fallthrough)
branch  1 taken 1
    %%%%%: 2487-block  1
branch  2 never executed
branch  3 never executed
        1: 2487-block  2
branch  4 taken 1 (fallthrough)
branch  5 taken 0
        1: 2487-block  3
    %%%%%: 2487-block  4
       1*: 2488:	GLAD_GL_VERSION_3_2 = (major == 3 && minor >= 2) || major > 3;
        1: 2488-block  0
branch  0 taken 0 (fallthrough)
branch  1 taken 1
    %%%%%: 2488-block  1
branch  2 never executed
branch  3 never executed
        1: 2488-block  2
branch  4 taken 1 (fallthrough)
branch  5 taken 0
        1: 2488-block  3
    %%%%%: 2488-block  4
       1*: 2489:	GLAD_GL_VERSION_3_3 = (major == 3 && minor >= 3) || major > 3;
        1: 2489-block  0
branch  0 taken 0 (fallthrough)
branch  1 taken 1
    %%%%%: 2489-block  1
branch  2 never executed
branch  3 never executed
        1: 2489-block  2
branch  4 taken 1 (fallthrough)
branch  5 taken 0
        1: 2489-block  3
    %%%%%: 2489-block  4
       1*: 2490:	GLAD_GL_VERSION_4_0 = (major == 4 && minor >= 0) || major > 4;
        1: 2490-block  0
branch  0 taken 1 (fallthrough)
branch  1 taken 0
        1: 2490-block  1
branch  2 taken 0 (fallthrough)
branch  3 taken 1
    %%%%%: 2490-block  2
branch  4 never executed
branch  5 never executed
        1: 2490-block  3
    %%%%%: 2490-block  4
       1*: 2491:	GLAD_GL_VERSION_4_1 = (major == 4 && minor >= 1) || major > 4;
        1: 2491-block  0
branch  0 taken 1 (fallthrough)
branch  1 taken 0
        1: 2491-block  1
branch  2 taken 0 (fallthrough)
branch  3 taken 1
    %%%%%: 2491-block  2
branch  4 never executed
branch  5 never executed
        1: 2491-block  3
    %%%%%: 2491-block  4
       1*: 2492:	GLAD_GL_VERSION_4_2 = (major == 4 && minor >= 2) || major > 4;
        1: 2492-block  0
branch  0 taken 1 (fallthrough)
branch  1 taken 0
        1: 2492-block  1
branch  2 taken 0 (fallthrough)
branch  3 taken 1
    %%%%%: 2492-block  2
branch  4 never executed
branch  5 never executed
        1: 2492-block  3
    %%%%%: 2492-block  4
       1*: 2493:	GLAD_GL_VERSION_4_3 = (major == 4 && minor >= 3) || major > 4;
        1: 2493-block  0
branch  0 taken 1 (fallthrough)
branch  1 taken 0
        1: 2493-block  1
branch  2 taken 0 (fallthrough)
branch  3 taken 1
    %%%%%: 2493-block  2
branch  4 never executed
branch  5 never executed
        1: 2493-block  3
    %%%%%: 2493-block  4
       1*: 2494:	GLAD_GL_VERSION_4_4 = (major == 4 && minor >= 4) || major > 4;
        1: 2494-block  0
branch  0 taken 1 (fallthrough)
branch  1 taken 0
        1: 2494-block  1
branch  2 taken 0 (fallthrough)
branch  3 taken 1
    %%%%%: 2494-block  2
branch  4 never executed
branch  5 never executed
        1: 2494-block  3
    %%%%%: 2494-block  4
       1*: 2495:	GLAD_GL_VERSION_4_5 = (major == 4 && minor >= 5) || major > 4;
        1: 2495-block  0
branch  0 taken 1 (fallthrough)
branch  1 taken 0
        1: 2495-block  1
branch  2 taken 0 (fallthrough)
branch  3 taken 1
    %%%%%: 2495-block  2
branch  4 never executed
branch  5 never executed
        1: 2495-block  3
    %%%%%: 2495-block  4
       1*: 2496:	GLAD_GL_VERSION_4_6 = (major == 4 && minor >= 6) || major > 4;
        1: 2496-block  0
branch  0 taken 1 (fallthrough)
branch  1 taken 0
        1: 2496-block  1
branch  2 taken 0 (fallthrough)
branch  3 taken 1
    %%%%%: 2496-block  2
branch  4 never executed
branch  5 never executed
        1: 2496-block  3
    %%%%%: 2496-block  4
        1: 2497:	if (GLVersion.major > 4 || (GLVersion.major >= 4 && GLVersion.minor >= 6)) {
        1: 2497-block  0
branch  0 taken 1 (fallthrough)
branch  1 taken 0
        1: 2497-block  1
branch  2 taken 1 (fallthrough)
branch  3 taken 0
        1: 2497-block  2
branch  4 taken 1 (fallthrough)
branch  5 taken 0
        1: 2498:		max_loaded_major = 4;
        1: 2499:		max_loaded_minor = 6;
        1: 2499-block  0
        -: 2500:	}
        -: 2501:}
        -: 2502:
function gladLoadGLLoader called 1 returned 100% blocks executed 86%
        1: 2503:int gladLoadGLLoader(GLADloadproc load) {
        1: 2504:	GLVersion.major = 0; GLVersion.minor = 0;
        1: 2505:	glGetString = (PFNGLGETSTRINGPROC)load("glGetString");
        1: 2505-block  0
call    0 returned 1
       1*: 2506:	if(glGetString == NULL) return 0;
branch  0 taken 0 (fallthrough)
branch  1 taken 1
    %%%%%: 2506-block  0
       1*: 2507:	if(glGetString(GL_VERSION) == NULL) return 0;
        1: 2507-block  0
call    0 returned 1
branch  1 taken 0 (fallthrough)
branch  2 taken 1
    %%%%%: 2507-block  1
        1: 2508:	find_coreGL();
        1: 2508-block  0
call    0 returned 1
        1: 2509:	load_GL_VERSION_1_0(load);
call    0 returned 1
        1: 2510:	load_GL_VERSION_1_1(load);
call    0 returned 1
        1: 2511:	load_GL_VERSION_1_2(load);
call    0 returned 1
        1: 2512:	load_GL_VERSION_1_3(load);
call    0 returned 1
        1: 2513:	load_GL_VERSION_1_4(load);
call    0 returned 1
        1: 2514:	load_GL_VERSION_1_5(load);
call    0 returned 1
        1: 2515:	load_GL_VERSION_2_0(load);
call    0 returned 1
        1: 2516:	load_GL_VERSION_2_1(load);
call    0 returned 1
        1: 2517:	load_GL_VERSION_3_0(load);
call    0 returned 1
        1: 2518:	load_GL_VERSION_3_1(load);
call    0 returned 1
        1: 2519:	load_GL_VERSION_3_2(load);
call    0 returned 1
        1: 2520:	load_GL_VERSION_3_3(load);
call    0 returned 1
        1: 2521:	load_GL_VERSION_4_0(load);
call    0 returned 1
        1: 2522:	load_GL_VERSION_4_1(load);
call    0 returned 1
        1: 2523:	load_GL_VERSION_4_2(load);
call    0 returned 1
        1: 2524:	load_GL_VERSION_4_3(load);
call    0 returned 1
        1: 2525:	load_GL_VERSION_4_4(load);
call    0 returned 1
        1: 2526:	load_GL_VERSION_4_5(load);
call    0 returned 1
        1: 2527:	load_GL_VERSION_4_6(load);
call    0 returned 1
        -: 2528:
       1*: 2529:	if (!find_extensionsGL()) return 0;
call    0 returned 1
branch  1 taken 0 (fallthrough)
branch  2 taken 1
    %%%%%: 2529-block  0
       1*: 2530:	return GLVersion.major != 0 || GLVersion.minor != 0;
        1: 2530-block  0
branch  0 taken 0 (fallthrough)
branch  1 taken 1
    %%%%%: 2530-block  1
branch  2 never executed
branch  3 never executed
        1: 2530-block  2
    %%%%%: 2530-block  3
        1: 2530-block  4
        -: 2531:}
        -: 2532:
